<?xml version="1.0" ?>
<testsuites errors="0" failures="5" name="ags_testsuite" skipped="3" tests="92" time="218.897">
  <testsuite errors="0" failures="5" name="ags" skipped="3" tests="92" time="218.897" timestamp="2025-09-03T02:06:55.330400">
    <testcase classname="server.ags.tests.baseServer_test.AGSTestBaseServer" name="test_2_2_psql_version" time="0.533">
      <failure message="Traceback (most recent call last):
  File &quot;/workspace/TAF/server/ags/tests/baseServer_test.py&quot;, line 90, in test_2_2_psql_version
    self.psql_version_test()
  File &quot;/workspace/TAF/server/ags/tests/baseServer_test.py&quot;, line 438, in psql_version_test
    self.assertTrue(isTrue, &quot;Version Doesn't Match&quot;)
AssertionError: False is not true : Version Doesn't Match
" type="Failure"/>
      <system-out>commands_output
[2025-09-03T02:03:23.430534] Command: sudo -u agens &quot;/usr/agens/ags-15/bin/psql&quot; -p 5333 -d agensdb -U agens -c &quot;SELECT version();&quot;
Return Code: 0
STDOUT:
version                                                             
---------------------------------------------------------------------------------------------------------------------------------
 PostgreSQL 15.12 (AgensSQL EE 2.15.3.0) on x86_64-pc-linux-gnu, compiled by gcc (GCC) 8.5.0 20210514 (Red Hat 8.5.0-26), 64-bit
(1 row)
--------------------------------------------------
[INFO] Executing command &quot;sudo dnf list installed | grep agens-ags15&quot;..
[INFO] Executing command &quot;sudo -u agens &quot;/usr/agens/ags-15/bin/psql&quot; -p 5333 -d agensdb -U agens -c &quot;SELECT version();&quot;&quot;..
[INFO] In tear_down_linux for test: server.ags.tests.baseServer_test.AGSTestBaseServer.test_2_2_psql_version
[INFO] No condition met in tear_down_linux
</system-out>
    </testcase>
    <testcase classname="server.ags.tests.baseServer_test.AGSTestBaseServer" name="test_3_1_server_extensions" time="0.879">
      <failure message="Traceback (most recent call last):
  File &quot;/workspace/TAF/server/ags/tests/baseServer_test.py&quot;, line 102, in test_3_1_server_extensions
    self.server_extensions_test(False if cmd.os_platform.__eq__('linux') else True)
  File &quot;/workspace/TAF/server/ags/tests/baseServer_test.py&quot;, line 679, in server_extensions_test
    self.assertFalse(output, f&quot;PSQL Script Run Failed. Reason {stdout.strip()}&quot;)
AssertionError: 1 is not false : PSQL Script Run Failed. Reason psql: error: /workspace/TAF/others/testFiles/linux/x86_64/rhel/8/ags/15.12.0/agens15-extensions.sql: No such file or directory
" type="Failure"/>
      <system-out>commands_output
[2025-09-03T02:03:24.311561] Command: &quot;/usr/agens/ags-15/bin/psql&quot; -p 5333 -d agensdb -U agens -a -f &quot;/workspace/TAF/others/testFiles/linux/x86_64/rhel/8/ags/15.12.0/agens15-extensions.sql&quot; &gt; &quot;/workspace/actual_output/linux/x86_64/rhel/8/ags/15.12.0/ags-extensions_actual_output.txt&quot;
Return Code: 1
STDERR:
psql: error: /workspace/TAF/others/testFiles/linux/x86_64/rhel/8/ags/15.12.0/agens15-extensions.sql: No such file or directory
--------------------------------------------------
[INFO] Executing command &quot;sudo dnf list installed | grep agens-ags15&quot;..
[INFO] Executing command &quot;dnf list installed | egrep 'agens-ags15-server-contrib|agens-ags15-server-plperl|agens-ags15-server-devel|agens-ags15-server-libs|agens-ags15-server-llvmjit|agens-ags15-server-plpython3|agens-ags15-server-pltcl|agens-ags15-server-test'&quot;..
[INFO] Executing command &quot;&quot;/usr/agens/ags-15/bin/psql&quot; -p 5333 -d agensdb -U agens -a -f &quot;/workspace/TAF/others/testFiles/linux/x86_64/rhel/8/ags/15.12.0/agens15-extensions.sql&quot; &gt; &quot;/workspace/actual_output/linux/x86_64/rhel/8/ags/15.12.0/ags-extensions_actual_output.txt&quot;&quot;..
[INFO] In tear_down_linux for test: server.ags.tests.baseServer_test.AGSTestBaseServer.test_3_1_server_extensions
[INFO] No condition met in tear_down_linux
</system-out>
    </testcase>
    <testcase classname="server.ags.tests.common_test.AGSTestCommon" name="test_binaries_version" time="0.017">
      <failure message="Traceback (most recent call last):
  File &quot;/workspace/TAF/server/ags/tests/common_test.py&quot;, line 85, in test_binaries_version
    self.check_binaries_version()
  File &quot;/workspace/TAF/server/ags/tests/common_test.py&quot;, line 60, in check_binaries_version
    self.assertFalse(output, &quot;Error changing line endings to LF from CRLF.&quot;)
AssertionError: True is not false : Error changing line endings to LF from CRLF.
" type="Failure"/>
      <system-out>commands_output
[2025-09-03T02:03:37.039710] Command: chmod 770 &quot;/workspace/TAF/others/testFiles/linux/x86_64/rhel/8/ags/15.12.0/ags_bin_version.sh&quot;
Return Code: 1
STDERR:
chmod: cannot access '/workspace/TAF/others/testFiles/linux/x86_64/rhel/8/ags/15.12.0/ags_bin_version.sh': No such file or directory
--------------------------------------------------
[INFO] Executing command &quot;chmod 770 &quot;/workspace/TAF/others/testFiles/linux/x86_64/rhel/8/ags/15.12.0/ags_bin_version.sh&quot;&quot;..
</system-out>
    </testcase>
    <testcase classname="server.ags.tests.common_test.AGSTestCommon" name="test_check_license_files" time="0.014">
      <failure message="Traceback (most recent call last):
  File &quot;/workspace/TAF/server/ags/tests/common_test.py&quot;, line 195, in test_check_license_files
    self.check_license_files_linux()
  File &quot;/workspace/TAF/server/ags/tests/common_test.py&quot;, line 150, in check_license_files_linux
    self.assertFalse(output, f&quot;Bundled {simple_license} is not similar as expected. Check &quot;
AssertionError: 2 is not false : Bundled /usr/share/doc/agens-ags15-server-client/agenssql_license.txt is not similar as expected. Check /workspace/diff_output/linux/x86_64/rhel/8/ags/15.12.0/agenssql_diff_license.txt
" type="Failure"/>
      <system-out>diff_output
[2025-09-03T02:03:37.054483] Command: diff --strip-trailing-cr &quot;/usr/share/doc/agens-ags15-server-client/agenssql_license.txt&quot; &quot;/workspace/TAF/others/expected_output/linux/x86_64/rhel/8/ags/15.12.0/agenssql_expected_license.txt&quot; &gt; &quot;/workspace/diff_output/linux/x86_64/rhel/8/ags/15.12.0/agenssql_diff_license.txt&quot;
Return Code: 2
STDERR:
diff: /workspace/TAF/others/expected_output/linux/x86_64/rhel/8/ags/15.12.0/agenssql_expected_license.txt: No such file or directory
--------------------------------------------------
actual_output
[2025-09-03T02:03:37.054940] Command: actual_output &quot;/usr/share/doc/agens-ags15-server-client/agenssql_license.txt&quot;
Return Code: 2
STDOUT:
Bitnine Global, Inc.
End User License Agreement

This “End User License Agreement” (this “Agreement”) is the legal document between you (“Licensee”) and Bitnine Global, Inc. (“Bitnine”). You must read all terms and conditions in this document before using AgensSQL or any related software (the “Software”) provided by Bitnine.
By downloading the Software or proceeding with the installation of the Software, or using the Software you as an authorized representative of your company on whose behalf you install and/or use the Software are indicating that you have read, understand and accept this Agreement with Bitnine, and that you agree to be bound by its terms. If you do not agree with all of the terms of this Agreement, do not install, copy or otherwise use the Software. This Agreement shall be immediately effective on the date that Licensee accepts this Agreement (the “Effective Date”).
1. Software.
(a) License Grant. Subject to Licensee’s compliance with the terms and conditions of this Agreement, Bitnine hereby grants Licensee a limited, personal, revocable, non-transferable, non-sublicensable, non-exclusive license during the agreed upon subscription period commencing on the Effective Date or during the period as otherwise specified by an authorized Bitnine representative to use the Software, publicly display and perform on the specified number of instances. The Software will be made available to Licensee under this Agreement in object code only; no source code is provided to Licensee under this Agreement. Without limiting any restrictions on Licensee’s use of the Software as set forth in Section 1(c) (Restrictions) below and elsewhere in this Agreement, Licensee is expressly prohibited from distributing any copy of the Software (whether in connection with an AgensSQL-based product or service or otherwise) to any third party.
(b) Terms. Notwithstanding the fact that Licensee may already have obtained a copy of the Software from Bitnine prior to the Effective Date for Licensee’s use under separate software license terms such as the Apache 2.0, to the extent Licensee uses the Software pursuant to the terms of this Agreement (as evidenced by Licensee entering into this Agreement), Licensee’s use of the Software is solely and exclusively governed by the terms of this Agreement.
(c) Restrictions. Licensee may not, and will not permit or induce any third party to: (i) decompile, reverse engineer, disassemble or otherwise attempt to reconstruct or discover the source code, underlying ideas or algorithms of any components of the Software; (ii) alter, modify, translate, adapt in any way, or prepare any derivative work based upon the Software; (iii) rent, lease, network, loan, pledge, encumber, sublicense, sell, distribute, disclose, assign or otherwise   the Software or any copy thereof; (iv) use the Software in commercial timesharing, rental or other sharing arrangements; or (v) remove any proprietary notices from the Software or any related documentation or other materials furnished or made available hereunder. In addition, Licensee agrees to comply with all applicable local, state, national, and international laws, rules and regulations applicable to Licensee’s use of the Software.
(d) Proprietary Rights. Bitnine or its licensors retain all right, title and interest in and to the Software and related documentation and materials, including, without limitation, all patent, copyright, trademark, and trade secret rights, embodied in, or otherwise applicable to the Software, whether such rights are registered or unregistered, and wherever in the world those rights may exist. Licensee shall not commit any act or omission, or permit or induce any third party to commit any act or omission inconsistent with Bitnine’s or its licensors’ rights, title and interest in and to the Software and the intellectual property rights embodied therein or applicable thereto. All materials embodied in, or comprising the Software, including, but not limited to, graphics, user and visual interfaces, images, code, applications, and text, as well as the design, structure, selection, coordination, expression, “look and feel”, and arrangement of the Software and its content, and the trademarks, service marks, proprietary logos and other distinctive brand features found in the Software (“Bitnine Marks”), are all owned by Bitnine or its licensors; Licensee is expressly prohibited from using the Bitnine Marks. Title to the Software shall not pass from Bitnine to Licensee, and the Software and all copies thereof shall at all times remain the sole and exclusive property of Bitnine. Licensee’s embedding or integration of the Software into an Application is not considered a derivative work. There are no implied rights or licenses in this Agreement. All rights are expressly reserved by Bitnine.
(e) Third Party Software. Bitnine may in its sole discretion, make available third-party software (“Third-Party Software”) embedded in, or otherwise provided with, the Software. Third-Party Software is expressly excluded from the defined term “Software” as used throughout this Agreement. Licensee’s use of the Third-Party Software is subject to the applicable third-party license terms and such Third-Party Software is not licensed to Licensee under the terms of this Agreement. If Licensee does not agree to abide by the applicable license terms for the Third-Party Software, then Licensee may not access or use the Software or the Third-Party Software. Licensee is solely and exclusively responsible for determining if Licensee is permitted to use the Third-Party Software in connection with any Application and Licensee should address any questions in this regard directly to the relevant Third-Party Software licensor. Bitnine makes no representation or warranty that Licensee is entitled to use the Third-Party Software in connection with any Application.
2. Term &amp; Termination.
(a) Term. Subject to termination as set forth in this Section, the term of this Agreement will commence on the Effective Date and will continue until the end of the Subscription Period, unless extended in writing by an authorized Bitnine.
(b) Termination. Bitnine may terminate this Agreement immediately with or without notice if the Licensee breaches its obligations under this Agreement. Licensee may terminate this Agreement immediately by ceasing use of the Software.
(c) Effects of Termination. Upon the termination of this Agreement for any reason, the licenses granted under this Agreement shall immediately terminate and unless Licensee and Bitnine have entered into a subsequent commercial written license agreement governing the Software, Licensee shall uninstall the Software. Within ten (10) calendar days of such termination, each party shall destroy or return all confidential and/or proprietary information of the other party in its possession, and will not make or retain any copies of such information in any form, except that the receiving party may retain one (1) archival copy of such information solely for purposes of ensuring compliance with this Agreement. If Licensee has not un-installed the Software within five (5) days of Bitnine’s written notice to Licensee of such failure: (i) Bitnine shall have the right to invoice Licensee at list price for the number of servers being used for an annual period; (ii) Licensee’s use will be subject to the terms and conditions of Bitnine’s End User License Agreement; and (iii) Licensee agrees to pay such fees in accordance with the terms of such Software License and Services Agreement. Notwithstanding the foregoing, the following terms shall survive the termination of this Agreement, together with any other terms which by their nature are intended to survive such termination: Section 1(c) (Restrictions), 1(d) (Proprietary Rights), 1(e) (Third Party Software), 2(c) (Effects of Termination), 3(a) (“Confidentiality”), 3(b) (Feedback), 4 (Disclaimer of Warranties), 5 (Indemnification), 6 (Limitation of Liability) and 7 (General).
3. Confidentiality &amp; Feedback.
(a) Confidentiality. “Confidential Information” means any proprietary information received by the other party during, or prior to entering into, this Agreement that a party should know is confidential or proprietary based on the circumstances surrounding the disclosure including, without limitation, the Software and any non-public technical and business information. Confidential Information does not include information that (a) is or becomes generally known to the public through no fault of or breach of this Agreement by the receiving party; (b) is rightfully known by the receiving party at the time of disclosure without an obligation of confidentiality; (c) is independently developed by the receiving party without use of the disclosing party’s Confidential Information; or (d) the receiving party rightfully obtains from a third party without restriction on use or disclosure. Licensee and Bitnine will maintain the confidentiality of Confidential Information. The receiving party of any Confidential Information of the other party agrees not to use such Confidential Information for any purpose except as necessary to fulfill its obligations and exercise its rights under this Agreement. The receiving party shall protect the secrecy of and prevent disclosure and unauthorized use of the disclosing party’s Confidential Information using the same degree of care that it takes to protect its own confidential information and in no event shall use less than reasonable care. The receiving party may disclose the Confidential Information of the disclosing party if required by judicial or administrative process, provided that the receiving party first provides to the disclosing party prompt notice of such required disclosure to enable the disclosing party to seek a protective order. Upon termination or expiration of this Agreement, the receiving party will, at the disclosing party’s option, promptly return or destroy (and provide written certification of such destruction) the disclosing party’s Confidential Information.
(b) Feedback. To the extent Licensee sends or transmits any communications, comments, questions, suggestions, or related materials to Bitnine, whether by letter, e-mail, telephone, or otherwise (“Feedback”) suggesting or recommending changes to the Software, including, without limitation, new features or functionality relating thereto, Licensee hereby grants Bitnine a perpetual, irrevocable, non-exclusive, royalty-free, fully-paid-up, fully-transferable, worldwide license (with rights to sublicense through multiple tiers of sublicensees) under Licensee’s and its licensors’ intellectual property rights to reproduce, prepare derivative works of, distribute, perform, display, and otherwise fully use, practice and exploit such Feedback for any purpose whatsoever, including but not limited to, developing, manufacturing, having manufactured, licensing, marketing, and selling, directly or indirectly, products and services using such Feedback. Licensee agrees and understands that Bitnine is not obligated to use, display, reproduce, or distribute any such ideas, know-how, concepts, or techniques contained in the Feedback, and Licensee has no right to compel such use, display, reproduction, or distribution.
4. Disclaimer of Warranties
(a) The annual subscription licenses or plans for the Software come with support, warranty, and bug fixes during the subscription period. Under the annual subscription license, Bitnine warrants that the licensed Software will operate in all material respects as described in the relevant Software documentation for the subscription period. 
(b) The warranty is null and void to the extent the Software: (i) fails to conform with this warranty as a result of its use with any third-party hardware, software, or services; or (ii) is used other than in accordance with the relevant Software documentation or is otherwise used in breach of this Agreement.
(C) EXCEPT AS EXPRESSLY SET FORTH ABOVE IN THIS SECTION 4 AND TO THE GREATEST EXTENT PERMITTED BY APPLICABLE LAW: (I) THE SOFTWARE AND SERVICES ARE PROVIDED TO SUBSCRIBER ON AN “AS IS” BASIS. (II) BITNINE EXPRESSLY DISCLAIMS ALL IMPLIED OR STATUTORY WARRANTIES INCLUDING WITHOUT LIMITATION, THE IMPLIED WARRANTIES OF MERCHANTABILITY, FITNESS FOR A PARTICULAR PURPOSE, SATISFACTORY QUALITY, AND NON-INFRINGEMENT OF THIRD-PARTY RIGHTS. BITNINE DOES NOT WARRANT THAT THE OPERATION OF THE SOFTWARE WILL BE UNINTERRUPTED OR ERROR-FREE, OR THAT DEFECTS IN THE SOFTWARE OR SERVICES WILL BE CORRECTED. 
5. Indemnification.
(a) Indemnification. Licensee hereby agrees to indemnify, defend and hold harmless Bitnine and its parents, affiliates, subsidiaries, licensors, and third party service providers, and its and their respective officers, directors, employees, agents, representatives, and contractors (each, a “Bitnine Party”), from and against any and all liability and costs (including, without limitation, attorneys’ fees and costs) incurred by any Bitnine Party in connection with any actual or alleged claim arising out of, or relating to: (i) Licensee’s breach of this Agreement, any license applicable to the Third Party Software, or any applicable law, rule or regulation and (ii) Licensee’s gross negligence, fraudulent misrepresentation or willful misconduct.
(b) Procedure. Counsel Licensee selects for the defense or settlement of a claim must be consented to by Bitnine prior to counsel being engaged to represent any Bitnine Party. Licensee and Licensee’s counsel will cooperate as fully as reasonably required, and provide such information as reasonably requested, by Bitnine in the defense or settlement of any claim. Bitnine reserves the right, at its own expense, to assume the exclusive defense or settlement, and control of any matter otherwise subject to indemnification by Licensee. Licensee shall not in any event, consent to any judgment, settlement, attachment, or lien, or any other act adverse to the interests of any Bitnine Party without the prior written consent of each relevant Bitnine Party.
6. Limitation of Liability.
(a) Consequential Damages Waiver. IN NO EVENT, SHALL EITHER PARTY BE LIABLE FOR ANY INDIRECT, INCIDENTAL, SPECIAL, EXEMPLARY, PUNITIVE, RELIANCE, OR CONSEQUENTIAL DAMAGES, (INCLUDING, WITHOUT LIMITATION, DAMAGES FOR LOSS OF BUSINESS PROFITS, BUSINESS INTERRUPTION, LOSS OF BUSINESS INFORMATION AND THE LIKE) ARISING OUT OF OR RELATING TO THE USE AND/OR INABILITY TO USE THE SOFTWARE, REGARDLESS OF THE LEGAL THEORY UPON WHICH ANY CLAIM FOR SUCH DAMAGES IS BASED AND EVEN IF A PARTY HAS BEEN ADVISED OF THE POSSIBILITY OF SUCH DAMAGES.
(b) Liability for Third Party Software. IF ANY LIABILITY ATTACHES TO EITHER PARTY IN RESPECT OF THIRD-PARTY SOFTWARE, SUCH LIABILITY WILL BE LIMITED BY THIS SECTION 6 AND THE DISCLAIMER OF WARRANTIES SET FORTH IN SECTION 4 (DISCLAIMER OF WARRANTIES) ABOVE.
(c) Failure of Essential Purpose. THE PARTIES AGREE THAT THESE LIMITATIONS SHALL APPLY EVEN IF THIS AGREEMENT OR ANY LIMITED REMEDY SPECIFIED HEREIN IS FOUND TO HAVE FAILED OF ITS ESSENTIAL PURPOSE. SOME JURISDICTIONS MAY NOT ALLOW THE EXCLUSION OR LIMITATION OF INCIDENTAL, SPECIAL, CONSEQUENTIAL, OR OTHER DAMAGES, SO THE ABOVE LIMITATIONS OR EXCLUSIONS MAY NOT APPLY TO LICENSEE. IN SUCH EVENT, THE LIABILITY OF THE PARTIES FOR SUCH DAMAGES WITH RESPECT TO THE SOFTWARE AND CONSULTING SERVICES WILL BE LIMITED TO THE GREATEST EXTENT PERMITTED BY APPLICABLE LAW IN SUCH JURISDICTION. The sections of this Agreement that address indemnification, limitation of liability and the disclaimer of warranties allocate the risk between the parties. This allocation of risk is an essential element of the basis of the bargain between the parties.
7. General.
This Agreement will be construed and enforced in all respects in accordance with the laws of California, and the parties agree to the exclusive jurisdiction to the courts of California. Licensee agrees that any breach of the license restrictions or other infringement or misappropriation of the intellectual property rights of Bitnine or its licensors will result in immediate and irreparable damage to Bitnine for which there is no adequate remedy at law. The United Nations Convention on Contracts for the International Sale of Goods in its entirety is expressly excluded from this Agreement, including, without limitation, application to the Software provided hereunder. Furthermore, this Agreement (including without limitation, the Software provided hereunder) will not be governed or interpreted in any way by referring to any law based on the Uniform Computer Information Transactions Act (UCITA) or any other act derived from or related to UCITA. Licensee consents to receive communications from Bitnine electronically, including by e-mail. Licensee agrees that all agreements, notices, disclosures, and other communications that Bitnine provides to Licensee electronically satisfy any legal requirement that such communications be in writing, to the extent permitted by applicable law. Licensee shall not assign this Agreement or transfer any of its rights hereunder, or delegate the performance of any of its duties or obligations arising under this Agreement, whether by merger, acquisition, sale of assets, operation of law, or otherwise, without the prior written consent of Bitnine. Any purported assignment in violation of the preceding sentence is null and void. Subject to the foregoing, this Agreement shall be binding upon, and inure to the benefit of, the successors and assigns of the parties thereto. Except as otherwise specified in this Agreement, this Agreement may be amended or supplemented only by a writing that refers explicitly to this Agreement and that is signed on behalf of both parties. No waiver will be implied from conduct or failure to enforce rights. No waiver will be effective unless in a writing signed on behalf of the party against whom the waiver is asserted. If any term of this Agreement is found invalid or unenforceable that term will be enforced to the maximum extent permitted by law and the remainder of this Agreement will remain in full force. The parties are independent contractors and nothing contained herein shall be construed as creating an agency, partnership, or other form of joint enterprise between the parties. This Agreement represents the entire agreement between the parties relating to its subject matter and supersedes all prior and/or contemporaneous representations, discussions, negotiations and agreements, whether written or oral, except to the extent Bitnine makes any software or other products and services available to Licensee under separate written terms. This Agreement shall not be interpreted or construed to confer any rights or remedies on any third parties, except that each Bitnine Party shall be a third-party beneficiary hereunder and accordingly, shall be entitled to directly enforce and rely upon any provision of this Agreement that confers a right or remedy in favor of it.

--------------------------------------------------
[INFO] Executing command &quot;diff --strip-trailing-cr &quot;/usr/share/doc/agens-ags15-server-client/agenssql_license.txt&quot; &quot;/workspace/TAF/others/expected_output/linux/x86_64/rhel/8/ags/15.12.0/agenssql_expected_license.txt&quot; &gt; &quot;/workspace/diff_output/linux/x86_64/rhel/8/ags/15.12.0/agenssql_diff_license.txt&quot;&quot;..
</system-out>
    </testcase>
    <testcase classname="server.ags.tests.common_test.AGSTestCommon" name="test_files" time="0.078">
      <failure message="Traceback (most recent call last):
  File &quot;/workspace/TAF/server/ags/tests/common_test.py&quot;, line 37, in test_files
    self.files_test_case(False if cmd.os_platform.__eq__('linux') else True)
  File &quot;/workspace/TAF/server/ags/tests/common_test.py&quot;, line 27, in files_test_case
    self.assertFalse(output, f&quot;Actual Directory Doesn't Match With Expected Directory. Check {diff_path}&quot;)
AssertionError: 2 is not false : Actual Directory Doesn't Match With Expected Directory. Check /workspace/diff_output/linux/x86_64/rhel/8/ags/15.12.0/ags-15_diff_dir.txt
" type="Failure"/>
      <system-out>commands_output
[2025-09-03T02:03:37.106684] Command: rpm -qlp &quot;/workspace/installDir/linux/x86_64/rhel/8/ags/15.12.0/*&quot; &gt; &quot;/workspace/actual_output/linux/x86_64/rhel/8/ags/15.12.0/ags-15_actual_dir.txt&quot;
Return Code: 0
--------------------------------------------------
diff_output
[2025-09-03T02:03:37.132833] Command: diff --strip-trailing-cr &quot;/workspace/actual_output/linux/x86_64/rhel/8/ags/15.12.0/ags-15_actual_dir.txt&quot; &quot;/workspace/TAF/others/expected_output/linux/x86_64/rhel/8/ags/15.12.0/ags-15_expected_dir.txt&quot; &gt; &quot;/workspace/diff_output/linux/x86_64/rhel/8/ags/15.12.0/ags-15_diff_dir.txt&quot;
Return Code: 2
STDERR:
diff: /workspace/TAF/others/expected_output/linux/x86_64/rhel/8/ags/15.12.0/ags-15_expected_dir.txt: No such file or directory
--------------------------------------------------
actual_output
[2025-09-03T02:03:37.133594] Command: actual_output &quot;/workspace/actual_output/linux/x86_64/rhel/8/ags/15.12.0/ags-15_actual_dir.txt&quot;
Return Code: 2
STDOUT:
/usr/agens/ags-15/bin/ag_license
/usr/agens/ags-15/bin/asql
/usr/agens/ags-15/bin/clusterdb
/usr/agens/ags-15/bin/createdb
/usr/agens/ags-15/bin/createuser
/usr/agens/ags-15/bin/dropdb
/usr/agens/ags-15/bin/dropuser
/usr/agens/ags-15/bin/pg_basebackup
/usr/agens/ags-15/bin/pg_config
/usr/agens/ags-15/bin/pg_dump
/usr/agens/ags-15/bin/pg_dumpall
/usr/agens/ags-15/bin/pg_isready
/usr/agens/ags-15/bin/pg_receivewal
/usr/agens/ags-15/bin/pg_restore
/usr/agens/ags-15/bin/pg_waldump
/usr/agens/ags-15/bin/pgbench
/usr/agens/ags-15/bin/psql
/usr/agens/ags-15/bin/reindexdb
/usr/agens/ags-15/bin/vacuumdb
/usr/agens/ags-15/lib/bitcode
/usr/agens/ags-15/share/errcodes.txt
/usr/agens/ags-15/share/locale/cs/LC_MESSAGES/pg_ctl-15.mo
/usr/agens/ags-15/share/locale/cs/LC_MESSAGES/pg_dump-15.mo
/usr/agens/ags-15/share/locale/cs/LC_MESSAGES/pgscripts-15.mo
/usr/agens/ags-15/share/locale/cs/LC_MESSAGES/psql-15.mo
/usr/agens/ags-15/share/locale/de/LC_MESSAGES/initdb-15.mo
/usr/agens/ags-15/share/locale/de/LC_MESSAGES/pg_basebackup-15.mo
/usr/agens/ags-15/share/locale/de/LC_MESSAGES/pg_ctl-15.mo
/usr/agens/ags-15/share/locale/de/LC_MESSAGES/pg_dump-15.mo
/usr/agens/ags-15/share/locale/de/LC_MESSAGES/pgscripts-15.mo
/usr/agens/ags-15/share/locale/de/LC_MESSAGES/psql-15.mo
/usr/agens/ags-15/share/locale/el/LC_MESSAGES/initdb-15.mo
/usr/agens/ags-15/share/locale/el/LC_MESSAGES/pg_basebackup-15.mo
/usr/agens/ags-15/share/locale/el/LC_MESSAGES/pg_ctl-15.mo
/usr/agens/ags-15/share/locale/el/LC_MESSAGES/pg_dump-15.mo
/usr/agens/ags-15/share/locale/el/LC_MESSAGES/pgscripts-15.mo
/usr/agens/ags-15/share/locale/el/LC_MESSAGES/psql-15.mo
/usr/agens/ags-15/share/locale/es/LC_MESSAGES/initdb-15.mo
/usr/agens/ags-15/share/locale/es/LC_MESSAGES/pg_basebackup-15.mo
/usr/agens/ags-15/share/locale/es/LC_MESSAGES/pg_ctl-15.mo
/usr/agens/ags-15/share/locale/es/LC_MESSAGES/pg_dump-15.mo
/usr/agens/ags-15/share/locale/es/LC_MESSAGES/pgscripts-15.mo
/usr/agens/ags-15/share/locale/es/LC_MESSAGES/psql-15.mo
/usr/agens/ags-15/share/locale/fr/LC_MESSAGES/initdb-15.mo
/usr/agens/ags-15/share/locale/fr/LC_MESSAGES/pg_basebackup-15.mo
/usr/agens/ags-15/share/locale/fr/LC_MESSAGES/pg_ctl-15.mo
/usr/agens/ags-15/share/locale/fr/LC_MESSAGES/pg_dump-15.mo
/usr/agens/ags-15/share/locale/fr/LC_MESSAGES/pgscripts-15.mo
/usr/agens/ags-15/share/locale/fr/LC_MESSAGES/psql-15.mo
/usr/agens/ags-15/share/locale/it/LC_MESSAGES/initdb-15.mo
/usr/agens/ags-15/share/locale/it/LC_MESSAGES/pg_basebackup-15.mo
/usr/agens/ags-15/share/locale/it/LC_MESSAGES/pg_ctl-15.mo
/usr/agens/ags-15/share/locale/it/LC_MESSAGES/pg_dump-15.mo
/usr/agens/ags-15/share/locale/it/LC_MESSAGES/pgscripts-15.mo
/usr/agens/ags-15/share/locale/it/LC_MESSAGES/psql-15.mo
/usr/agens/ags-15/share/locale/ja/LC_MESSAGES/initdb-15.mo
/usr/agens/ags-15/share/locale/ja/LC_MESSAGES/pg_basebackup-15.mo
/usr/agens/ags-15/share/locale/ja/LC_MESSAGES/pg_ctl-15.mo
/usr/agens/ags-15/share/locale/ja/LC_MESSAGES/pg_dump-15.mo
/usr/agens/ags-15/share/locale/ja/LC_MESSAGES/pgscripts-15.mo
/usr/agens/ags-15/share/locale/ja/LC_MESSAGES/psql-15.mo
/usr/agens/ags-15/share/locale/ka/LC_MESSAGES/initdb-15.mo
/usr/agens/ags-15/share/locale/ka/LC_MESSAGES/pg_basebackup-15.mo
/usr/agens/ags-15/share/locale/ka/LC_MESSAGES/pg_ctl-15.mo
/usr/agens/ags-15/share/locale/ka/LC_MESSAGES/pg_dump-15.mo
/usr/agens/ags-15/share/locale/ka/LC_MESSAGES/pgscripts-15.mo
/usr/agens/ags-15/share/locale/ka/LC_MESSAGES/psql-15.mo
/usr/agens/ags-15/share/locale/ko/LC_MESSAGES/initdb-15.mo
/usr/agens/ags-15/share/locale/ko/LC_MESSAGES/pg_basebackup-15.mo
/usr/agens/ags-15/share/locale/ko/LC_MESSAGES/pg_ctl-15.mo
/usr/agens/ags-15/share/locale/ko/LC_MESSAGES/pg_dump-15.mo
/usr/agens/ags-15/share/locale/ko/LC_MESSAGES/pgscripts-15.mo
/usr/agens/ags-15/share/locale/ko/LC_MESSAGES/psql-15.mo
/usr/agens/ags-15/share/locale/pt_BR/LC_MESSAGES/initdb-15.mo
/usr/agens/ags-15/share/locale/pt_BR/LC_MESSAGES/pg_ctl-15.mo
/usr/agens/ags-15/share/locale/pt_BR/LC_MESSAGES/pgscripts-15.mo
/usr/agens/ags-15/share/locale/ru/LC_MESSAGES/initdb-15.mo
/usr/agens/ags-15/share/locale/ru/LC_MESSAGES/pg_basebackup-15.mo
/usr/agens/ags-15/share/locale/ru/LC_MESSAGES/pg_ctl-15.mo
/usr/agens/ags-15/share/locale/ru/LC_MESSAGES/pg_dump-15.mo
/usr/agens/ags-15/share/locale/ru/LC_MESSAGES/pgscripts-15.mo
/usr/agens/ags-15/share/locale/ru/LC_MESSAGES/psql-15.mo
/usr/agens/ags-15/share/locale/sv/LC_MESSAGES/initdb-15.mo
/usr/agens/ags-15/share/locale/sv/LC_MESSAGES/pg_basebackup-15.mo
/usr/agens/ags-15/share/locale/sv/LC_MESSAGES/pg_ctl-15.mo
/usr/agens/ags-15/share/locale/sv/LC_MESSAGES/pg_dump-15.mo
/usr/agens/ags-15/share/locale/sv/LC_MESSAGES/pgscripts-15.mo
/usr/agens/ags-15/share/locale/sv/LC_MESSAGES/psql-15.mo
/usr/agens/ags-15/share/locale/tr/LC_MESSAGES/pg_ctl-15.mo
/usr/agens/ags-15/share/locale/tr/LC_MESSAGES/pg_dump-15.mo
/usr/agens/ags-15/share/locale/tr/LC_MESSAGES/pgscripts-15.mo
/usr/agens/ags-15/share/locale/uk/LC_MESSAGES/initdb-15.mo
/usr/agens/ags-15/share/locale/uk/LC_MESSAGES/pg_basebackup-15.mo
/usr/agens/ags-15/share/locale/uk/LC_MESSAGES/pg_ctl-15.mo
/usr/agens/ags-15/share/locale/uk/LC_MESSAGES/pg_dump-15.mo
/usr/agens/ags-15/share/locale/uk/LC_MESSAGES/pgscripts-15.mo
/usr/agens/ags-15/share/locale/uk/LC_MESSAGES/psql-15.mo
/usr/agens/ags-15/share/locale/zh_CN/LC_MESSAGES/initdb-15.mo
/usr/agens/ags-15/share/locale/zh_CN/LC_MESSAGES/pg_ctl-15.mo
/usr/agens/ags-15/share/locale/zh_CN/LC_MESSAGES/pg_dump-15.mo
/usr/agens/ags-15/share/locale/zh_CN/LC_MESSAGES/pgscripts-15.mo
/usr/agens/ags-15/share/locale/zh_CN/LC_MESSAGES/psql-15.mo
/usr/share/doc/agens-ags15-server-client
/usr/share/doc/agens-ags15-server-client/KNOWN_BUGS
/usr/share/doc/agens-ags15-server-client/MISSING_FEATURES
/usr/share/doc/agens-ags15-server-client/README.rpm-dist
/usr/share/doc/agens-ags15-server-client/agenssql_3rd_party_license.txt
/usr/share/doc/agens-ags15-server-client/agenssql_license.txt
/usr/agens/ags-15/bin/oid2name
/usr/agens/ags-15/bin/pg_amcheck
/usr/agens/ags-15/bin/pg_recvlogical
/usr/agens/ags-15/bin/vacuumlo
/usr/agens/ags-15/doc/extension/autoinc.example
/usr/agens/ags-15/doc/extension/insert_username.example
/usr/agens/ags-15/doc/extension/moddatetime.example
/usr/agens/ags-15/doc/extension/refint.example
/usr/agens/ags-15/lib/_int.so
/usr/agens/ags-15/lib/adminpack.so
/usr/agens/ags-15/lib/amcheck.so
/usr/agens/ags-15/lib/auth_delay.so
/usr/agens/ags-15/lib/auto_explain.so
/usr/agens/ags-15/lib/autoinc.so
/usr/agens/ags-15/lib/basebackup_to_shell.so
/usr/agens/ags-15/lib/basic_archive.so
/usr/agens/ags-15/lib/bloom.so
/usr/agens/ags-15/lib/btree_gin.so
/usr/agens/ags-15/lib/btree_gist.so
/usr/agens/ags-15/lib/citext.so
/usr/agens/ags-15/lib/cube.so
/usr/agens/ags-15/lib/dblink.so
/usr/agens/ags-15/lib/earthdistance.so
/usr/agens/ags-15/lib/file_fdw.so
/usr/agens/ags-15/lib/fuzzystrmatch.so
/usr/agens/ags-15/lib/hstore.so
/usr/agens/ags-15/lib/hstore_plperl.so
/usr/agens/ags-15/lib/hstore_plpython3.so
/usr/agens/ags-15/lib/insert_username.so
/usr/agens/ags-15/lib/isn.so
/usr/agens/ags-15/lib/jsonb_plperl.so
/usr/agens/ags-15/lib/jsonb_plpython3.so
/usr/agens/ags-15/lib/lo.so
/usr/agens/ags-15/lib/ltree.so
/usr/agens/ags-15/lib/ltree_plpython3.so
/usr/agens/ags-15/lib/moddatetime.so
/usr/agens/ags-15/lib/old_snapshot.so
/usr/agens/ags-15/lib/pageinspect.so
/usr/agens/ags-15/lib/passwordcheck.so
/usr/agens/ags-15/lib/pg_buffercache.so
/usr/agens/ags-15/lib/pg_freespacemap.so
/usr/agens/ags-15/lib/pg_prewarm.so
/usr/agens/ags-15/lib/pg_stat_statements.so
/usr/agens/ags-15/lib/pg_surgery.so
/usr/agens/ags-15/lib/pg_trgm.so
/usr/agens/ags-15/lib/pg_visibility.so
/usr/agens/ags-15/lib/pg_walinspect.so
/usr/agens/ags-15/lib/pgcrypto.so
/usr/agens/ags-15/lib/pgrowlocks.so
/usr/agens/ags-15/lib/pgstattuple.so
/usr/agens/ags-15/lib/pgxml.so
/usr/agens/ags-15/lib/postgres_fdw.so
/usr/agens/ags-15/lib/refint.so
/usr/agens/ags-15/lib/seg.so
/usr/agens/ags-15/lib/sepgsql.so
/usr/agens/ags-15/lib/sslinfo.so
/usr/agens/ags-15/lib/tablefunc.so
/usr/agens/ags-15/lib/tcn.so
/usr/agens/ags-15/lib/test_decoding.so
/usr/agens/ags-15/lib/tsm_system_rows.so
/usr/agens/ags-15/lib/tsm_system_time.so
/usr/agens/ags-15/lib/unaccent.so
/usr/agens/ags-15/lib/uuid-ossp.so
/usr/agens/ags-15/share/contrib/sepgsql.sql
/usr/agens/ags-15/share/extension/adminpack--1.0--1.1.sql
/usr/agens/ags-15/share/extension/adminpack--1.0.sql
/usr/agens/ags-15/share/extension/adminpack--1.1--2.0.sql
/usr/agens/ags-15/share/extension/adminpack--2.0--2.1.sql
/usr/agens/ags-15/share/extension/adminpack.control
/usr/agens/ags-15/share/extension/amcheck--1.0--1.1.sql
/usr/agens/ags-15/share/extension/amcheck--1.0.sql
/usr/agens/ags-15/share/extension/amcheck--1.1--1.2.sql
/usr/agens/ags-15/share/extension/amcheck--1.2--1.3.sql
/usr/agens/ags-15/share/extension/amcheck.control
/usr/agens/ags-15/share/extension/autoinc--1.0.sql
/usr/agens/ags-15/share/extension/autoinc.control
/usr/agens/ags-15/share/extension/bloom--1.0.sql
/usr/agens/ags-15/share/extension/bloom.control
/usr/agens/ags-15/share/extension/btree_gin--1.0--1.1.sql
/usr/agens/ags-15/share/extension/btree_gin--1.0.sql
/usr/agens/ags-15/share/extension/btree_gin--1.1--1.2.sql
/usr/agens/ags-15/share/extension/btree_gin--1.2--1.3.sql
/usr/agens/ags-15/share/extension/btree_gin.control
/usr/agens/ags-15/share/extension/btree_gist--1.0--1.1.sql
/usr/agens/ags-15/share/extension/btree_gist--1.1--1.2.sql
/usr/agens/ags-15/share/extension/btree_gist--1.2--1.3.sql
/usr/agens/ags-15/share/extension/btree_gist--1.2.sql
/usr/agens/ags-15/share/extension/btree_gist--1.3--1.4.sql
/usr/agens/ags-15/share/extension/btree_gist--1.4--1.5.sql
/usr/agens/ags-15/share/extension/btree_gist--1.5--1.6.sql
/usr/agens/ags-15/share/extension/btree_gist--1.6--1.7.sql
/usr/agens/ags-15/share/extension/btree_gist.control
/usr/agens/ags-15/share/extension/citext--1.0--1.1.sql
/usr/agens/ags-15/share/extension/citext--1.1--1.2.sql
/usr/agens/ags-15/share/extension/citext--1.2--1.3.sql
/usr/agens/ags-15/share/extension/citext--1.3--1.4.sql
/usr/agens/ags-15/share/extension/citext--1.4--1.5.sql
/usr/agens/ags-15/share/extension/citext--1.4.sql
/usr/agens/ags-15/share/extension/citext--1.5--1.6.sql
/usr/agens/ags-15/share/extension/citext.control
/usr/agens/ags-15/share/extension/cube--1.0--1.1.sql
/usr/agens/ags-15/share/extension/cube--1.1--1.2.sql
/usr/agens/ags-15/share/extension/cube--1.2--1.3.sql
/usr/agens/ags-15/share/extension/cube--1.2.sql
/usr/agens/ags-15/share/extension/cube--1.3--1.4.sql
/usr/agens/ags-15/share/extension/cube--1.4--1.5.sql
/usr/agens/ags-15/share/extension/cube.control
/usr/agens/ags-15/share/extension/dblink--1.0--1.1.sql
/usr/agens/ags-15/share/extension/dblink--1.1--1.2.sql
/usr/agens/ags-15/share/extension/dblink--1.2.sql
/usr/agens/ags-15/share/extension/dblink.control
/usr/agens/ags-15/share/extension/dict_int--1.0.sql
/usr/agens/ags-15/share/extension/dict_int.control
/usr/agens/ags-15/share/extension/dict_xsyn--1.0.sql
/usr/agens/ags-15/share/extension/dict_xsyn.control
/usr/agens/ags-15/share/extension/earthdistance--1.0--1.1.sql
/usr/agens/ags-15/share/extension/earthdistance--1.1.sql
/usr/agens/ags-15/share/extension/earthdistance.control
/usr/agens/ags-15/share/extension/file_fdw--1.0.sql
/usr/agens/ags-15/share/extension/file_fdw.control
/usr/agens/ags-15/share/extension/fuzzystrmatch--1.0--1.1.sql
/usr/agens/ags-15/share/extension/fuzzystrmatch--1.1.sql
/usr/agens/ags-15/share/extension/fuzzystrmatch.control
/usr/agens/ags-15/share/extension/hstore--1.1--1.2.sql
/usr/agens/ags-15/share/extension/hstore--1.2--1.3.sql
/usr/agens/ags-15/share/extension/hstore--1.3--1.4.sql
/usr/agens/ags-15/share/extension/hstore--1.4--1.5.sql
/usr/agens/ags-15/share/extension/hstore--1.4.sql
/usr/agens/ags-15/share/extension/hstore--1.5--1.6.sql
/usr/agens/ags-15/share/extension/hstore--1.6--1.7.sql
/usr/agens/ags-15/share/extension/hstore--1.7--1.8.sql
/usr/agens/ags-15/share/extension/hstore.control
/usr/agens/ags-15/share/extension/hstore_plperl--1.0.sql
/usr/agens/ags-15/share/extension/hstore_plperl.control
/usr/agens/ags-15/share/extension/hstore_plperlu--1.0.sql
/usr/agens/ags-15/share/extension/hstore_plperlu.control
/usr/agens/ags-15/share/extension/insert_username--1.0.sql
/usr/agens/ags-15/share/extension/insert_username.control
/usr/agens/ags-15/share/extension/intagg--1.0--1.1.sql
/usr/agens/ags-15/share/extension/intagg--1.1.sql
/usr/agens/ags-15/share/extension/intagg.control
/usr/agens/ags-15/share/extension/intarray--1.0--1.1.sql
/usr/agens/ags-15/share/extension/intarray--1.1--1.2.sql
/usr/agens/ags-15/share/extension/intarray--1.2--1.3.sql
/usr/agens/ags-15/share/extension/intarray--1.2.sql
/usr/agens/ags-15/share/extension/intarray--1.3--1.4.sql
/usr/agens/ags-15/share/extension/intarray--1.4--1.5.sql
/usr/agens/ags-15/share/extension/intarray.control
/usr/agens/ags-15/share/extension/isn--1.0--1.1.sql
/usr/agens/ags-15/share/extension/isn--1.1--1.2.sql
/usr/agens/ags-15/share/extension/isn--1.1.sql
/usr/agens/ags-15/share/extension/isn.control
/usr/agens/ags-15/share/extension/jsonb_plperl--1.0.sql
/usr/agens/ags-15/share/extension/jsonb_plperl.control
/usr/agens/ags-15/share/extension/jsonb_plperlu--1.0.sql
/usr/agens/ags-15/share/extension/jsonb_plperlu.control
/usr/agens/ags-15/share/extension/lo--1.0--1.1.sql
/usr/agens/ags-15/share/extension/lo--1.1.sql
/usr/agens/ags-15/share/extension/lo.control
/usr/agens/ags-15/share/extension/ltree--1.0--1.1.sql
/usr/agens/ags-15/share/extension/ltree--1.1--1.2.sql
/usr/agens/ags-15/share/extension/ltree--1.1.sql
/usr/agens/ags-15/share/extension/ltree.control
/usr/agens/ags-15/share/extension/moddatetime--1.0.sql
/usr/agens/ags-15/share/extension/moddatetime.control
/usr/agens/ags-15/share/extension/old_snapshot--1.0.sql
/usr/agens/ags-15/share/extension/old_snapshot.control
/usr/agens/ags-15/share/extension/pageinspect--1.0--1.1.sql
/usr/agens/ags-15/share/extension/pageinspect--1.1--1.2.sql
/usr/agens/ags-15/share/extension/pageinspect--1.10--1.11.sql
/usr/agens/ags-15/share/extension/pageinspect--1.2--1.3.sql
/usr/agens/ags-15/share/extension/pageinspect--1.3--1.4.sql
/usr/agens/ags-15/share/extension/pageinspect--1.4--1.5.sql
/usr/agens/ags-15/share/extension/pageinspect--1.5--1.6.sql
/usr/agens/ags-15/share/extension/pageinspect--1.5.sql
/usr/agens/ags-15/share/extension/pageinspect--1.6--1.7.sql
/usr/agens/ags-15/share/extension/pageinspect--1.7--1.8.sql
/usr/agens/ags-15/share/extension/pageinspect--1.8--1.9.sql
/usr/agens/ags-15/share/extension/pageinspect--1.9--1.10.sql
/usr/agens/ags-15/share/extension/pageinspect.control
/usr/agens/ags-15/share/extension/pg_buffercache--1.0--1.1.sql
/usr/agens/ags-15/share/extension/pg_buffercache--1.1--1.2.sql
/usr/agens/ags-15/share/extension/pg_buffercache--1.2--1.3.sql
/usr/agens/ags-15/share/extension/pg_buffercache--1.2.sql
/usr/agens/ags-15/share/extension/pg_buffercache.control
/usr/agens/ags-15/share/extension/pg_freespacemap--1.0--1.1.sql
/usr/agens/ags-15/share/extension/pg_freespacemap--1.1--1.2.sql
/usr/agens/ags-15/share/extension/pg_freespacemap--1.1.sql
/usr/agens/ags-15/share/extension/pg_freespacemap.control
/usr/agens/ags-15/share/extension/pg_prewarm--1.0--1.1.sql
/usr/agens/ags-15/share/extension/pg_prewarm--1.1--1.2.sql
/usr/agens/ags-15/share/extension/pg_prewarm--1.1.sql
/usr/agens/ags-15/share/extension/pg_prewarm.control
/usr/agens/ags-15/share/extension/pg_stat_statements--1.0--1.1.sql
/usr/agens/ags-15/share/extension/pg_stat_statements--1.1--1.2.sql
/usr/agens/ags-15/share/extension/pg_stat_statements--1.2--1.3.sql
/usr/agens/ags-15/share/extension/pg_stat_statements--1.3--1.4.sql
/usr/agens/ags-15/share/extension/pg_stat_statements--1.4--1.5.sql
/usr/agens/ags-15/share/extension/pg_stat_statements--1.4.sql
/usr/agens/ags-15/share/extension/pg_stat_statements--1.5--1.6.sql
/usr/agens/ags-15/share/extension/pg_stat_statements--1.6--1.7.sql
/usr/agens/ags-15/share/extension/pg_stat_statements--1.7--1.8.sql
/usr/agens/ags-15/share/extension/pg_stat_statements--1.8--1.9.sql
/usr/agens/ags-15/share/extension/pg_stat_statements--1.9--1.10.sql
/usr/agens/ags-15/share/extension/pg_stat_statements.control
/usr/agens/ags-15/share/extension/pg_surgery--1.0.sql
/usr/agens/ags-15/share/extension/pg_surgery.control
/usr/agens/ags-15/share/extension/pg_trgm--1.0--1.1.sql
/usr/agens/ags-15/share/extension/pg_trgm--1.1--1.2.sql
/usr/agens/ags-15/share/extension/pg_trgm--1.2--1.3.sql
/usr/agens/ags-15/share/extension/pg_trgm--1.3--1.4.sql
/usr/agens/ags-15/share/extension/pg_trgm--1.3.sql
/usr/agens/ags-15/share/extension/pg_trgm--1.4--1.5.sql
/usr/agens/ags-15/share/extension/pg_trgm--1.5--1.6.sql
/usr/agens/ags-15/share/extension/pg_trgm.control
/usr/agens/ags-15/share/extension/pg_visibility--1.0--1.1.sql
/usr/agens/ags-15/share/extension/pg_visibility--1.1--1.2.sql
/usr/agens/ags-15/share/extension/pg_visibility--1.1.sql
/usr/agens/ags-15/share/extension/pg_visibility.control
/usr/agens/ags-15/share/extension/pg_walinspect--1.0.sql
/usr/agens/ags-15/share/extension/pg_walinspect.control
/usr/agens/ags-15/share/extension/pgcrypto--1.0--1.1.sql
/usr/agens/ags-15/share/extension/pgcrypto--1.1--1.2.sql
/usr/agens/ags-15/share/extension/pgcrypto--1.2--1.3.sql
/usr/agens/ags-15/share/extension/pgcrypto--1.3.sql
/usr/agens/ags-15/share/extension/pgcrypto.control
/usr/agens/ags-15/share/extension/pgrowlocks--1.0--1.1.sql
/usr/agens/ags-15/share/extension/pgrowlocks--1.1--1.2.sql
/usr/agens/ags-15/share/extension/pgrowlocks--1.2.sql
/usr/agens/ags-15/share/extension/pgrowlocks.control
/usr/agens/ags-15/share/extension/pgstattuple--1.0--1.1.sql
/usr/agens/ags-15/share/extension/pgstattuple--1.1--1.2.sql
/usr/agens/ags-15/share/extension/pgstattuple--1.2--1.3.sql
/usr/agens/ags-15/share/extension/pgstattuple--1.3--1.4.sql
/usr/agens/ags-15/share/extension/pgstattuple--1.4--1.5.sql
/usr/agens/ags-15/share/extension/pgstattuple--1.4.sql
/usr/agens/ags-15/share/extension/pgstattuple.control
/usr/agens/ags-15/share/extension/postgres_fdw--1.0--1.1.sql
/usr/agens/ags-15/share/extension/postgres_fdw--1.0.sql
/usr/agens/ags-15/share/extension/postgres_fdw.control
/usr/agens/ags-15/share/extension/refint--1.0.sql
/usr/agens/ags-15/share/extension/refint.control
/usr/agens/ags-15/share/extension/seg--1.0--1.1.sql
/usr/agens/ags-15/share/extension/seg--1.1--1.2.sql
/usr/agens/ags-15/share/extension/seg--1.1.sql
/usr/agens/ags-15/share/extension/seg--1.2--1.3.sql
/usr/agens/ags-15/share/extension/seg--1.3--1.4.sql
/usr/agens/ags-15/share/extension/seg.control
/usr/agens/ags-15/share/extension/sslinfo--1.0--1.1.sql
/usr/agens/ags-15/share/extension/sslinfo--1.1--1.2.sql
/usr/agens/ags-15/share/extension/sslinfo--1.2.sql
/usr/agens/ags-15/share/extension/sslinfo.control
/usr/agens/ags-15/share/extension/tablefunc--1.0.sql
/usr/agens/ags-15/share/extension/tablefunc.control
/usr/agens/ags-15/share/extension/tcn--1.0.sql
/usr/agens/ags-15/share/extension/tcn.control
/usr/agens/ags-15/share/extension/tsm_system_rows--1.0.sql
/usr/agens/ags-15/share/extension/tsm_system_rows.control
/usr/agens/ags-15/share/extension/tsm_system_time--1.0.sql
/usr/agens/ags-15/share/extension/tsm_system_time.control
/usr/agens/ags-15/share/extension/unaccent--1.0--1.1.sql
/usr/agens/ags-15/share/extension/unaccent--1.1.sql
/usr/agens/ags-15/share/extension/unaccent.control
/usr/agens/ags-15/share/extension/uuid-ossp--1.0--1.1.sql
/usr/agens/ags-15/share/extension/uuid-ossp--1.1.sql
/usr/agens/ags-15/share/extension/uuid-ossp.control
/usr/agens/ags-15/share/extension/xml2--1.0--1.1.sql
/usr/agens/ags-15/share/extension/xml2--1.1.sql
/usr/agens/ags-15/share/extension/xml2.control
/usr/agens/ags-15/share/locale/de/LC_MESSAGES/pg_amcheck-15.mo
/usr/agens/ags-15/share/locale/el/LC_MESSAGES/pg_amcheck-15.mo
/usr/agens/ags-15/share/locale/es/LC_MESSAGES/pg_amcheck-15.mo
/usr/agens/ags-15/share/locale/fr/LC_MESSAGES/pg_amcheck-15.mo
/usr/agens/ags-15/share/locale/it/LC_MESSAGES/pg_amcheck-15.mo
/usr/agens/ags-15/share/locale/ja/LC_MESSAGES/pg_amcheck-15.mo
/usr/agens/ags-15/share/locale/ka/LC_MESSAGES/pg_amcheck-15.mo
/usr/agens/ags-15/share/locale/ko/LC_MESSAGES/pg_amcheck-15.mo
/usr/agens/ags-15/share/locale/ru/LC_MESSAGES/pg_amcheck-15.mo
/usr/agens/ags-15/share/locale/sv/LC_MESSAGES/pg_amcheck-15.mo
/usr/agens/ags-15/share/locale/uk/LC_MESSAGES/pg_amcheck-15.mo
/usr/agens/ags-15/share/locale/zh_CN/LC_MESSAGES/pg_amcheck-15.mo
/etc/pam.d/ags
/etc/sysconfig/agens
/usr/agens/ags-15/bin/ag_ctl
/usr/agens/ags-15/bin/ags-15-check-db-dir
/usr/agens/ags-15/bin/ags-15-setup
/usr/agens/ags-15/bin/asql
/usr/agens/ags-15/bin/initdb
/usr/agens/ags-15/bin/pg_archivecleanup
/usr/agens/ags-15/bin/pg_checksums
/usr/agens/ags-15/bin/pg_controldata
/usr/agens/ags-15/bin/pg_ctl
/usr/agens/ags-15/bin/pg_resetwal
/usr/agens/ags-15/bin/pg_rewind
/usr/agens/ags-15/bin/pg_test_fsync
/usr/agens/ags-15/bin/pg_test_timing
/usr/agens/ags-15/bin/pg_upgrade
/usr/agens/ags-15/bin/pg_verifybackup
/usr/agens/ags-15/bin/postgres
/usr/agens/ags-15/bin/postmaster
/usr/agens/ags-15/lib
/usr/agens/ags-15/lib/ag_objects.so
/usr/agens/ags-15/lib/agenscrypto.so
/usr/agens/ags-15/lib/cyrillic_and_mic.so
/usr/agens/ags-15/lib/dbms_assert.so
/usr/agens/ags-15/lib/dbms_crypto.so
/usr/agens/ags-15/lib/dbms_job.so
/usr/agens/ags-15/lib/dbms_output.so
/usr/agens/ags-15/lib/dbms_random.so
/usr/agens/ags-15/lib/dbms_utility.so
/usr/agens/ags-15/lib/dict_int.so
/usr/agens/ags-15/lib/dict_snowball.so
/usr/agens/ags-15/lib/dict_xsyn.so
/usr/agens/ags-15/lib/euc2004_sjis2004.so
/usr/agens/ags-15/lib/euc_cn_and_mic.so
/usr/agens/ags-15/lib/euc_jp_and_sjis.so
/usr/agens/ags-15/lib/euc_kr_and_mic.so
/usr/agens/ags-15/lib/euc_tw_and_big5.so
/usr/agens/ags-15/lib/latin2_and_win1250.so
/usr/agens/ags-15/lib/latin_and_mic.so
/usr/agens/ags-15/lib/orafce.so
/usr/agens/ags-15/lib/pgoutput.so
/usr/agens/ags-15/lib/plisql.so
/usr/agens/ags-15/lib/plpgsql.so
/usr/agens/ags-15/lib/utf8_and_big5.so
/usr/agens/ags-15/lib/utf8_and_cyrillic.so
/usr/agens/ags-15/lib/utf8_and_euc2004.so
/usr/agens/ags-15/lib/utf8_and_euc_cn.so
/usr/agens/ags-15/lib/utf8_and_euc_jp.so
/usr/agens/ags-15/lib/utf8_and_euc_kr.so
/usr/agens/ags-15/lib/utf8_and_euc_tw.so
/usr/agens/ags-15/lib/utf8_and_gb18030.so
/usr/agens/ags-15/lib/utf8_and_gbk.so
/usr/agens/ags-15/lib/utf8_and_iso8859.so
/usr/agens/ags-15/lib/utf8_and_iso8859_1.so
/usr/agens/ags-15/lib/utf8_and_johab.so
/usr/agens/ags-15/lib/utf8_and_sjis.so
/usr/agens/ags-15/lib/utf8_and_sjis2004.so
/usr/agens/ags-15/lib/utf8_and_uhc.so
/usr/agens/ags-15/lib/utf8_and_win.so
/usr/agens/ags-15/lib/utl_encode.so
/usr/agens/ags-15/lib/utl_file.so
/usr/agens/ags-15/lib/utl_http.so
/usr/agens/ags-15/lib/utl_match.so
/usr/agens/ags-15/lib/utl_tcp.so
/usr/agens/ags-15/lib/utl_url.so
/usr/agens/ags-15/share
/usr/agens/ags-15/share/agens-sample.sql
/usr/agens/ags-15/share/contrib_modules
/usr/agens/ags-15/share/dbo_schema.sql
/usr/agens/ags-15/share/extension
/usr/agens/ags-15/share/extension/agenscrypto--1.3.0.sql
/usr/agens/ags-15/share/extension/agenscrypto.control
/usr/agens/ags-15/share/extension/dbms_alert--3.18.0.sql
/usr/agens/ags-15/share/extension/dbms_alert.control
/usr/agens/ags-15/share/extension/dbms_assert--3.18.0.sql
/usr/agens/ags-15/share/extension/dbms_assert.control
/usr/agens/ags-15/share/extension/dbms_crypto--1.0.sql
/usr/agens/ags-15/share/extension/dbms_crypto.control
/usr/agens/ags-15/share/extension/dbms_job--1.0.0.sql
/usr/agens/ags-15/share/extension/dbms_job.control
/usr/agens/ags-15/share/extension/dbms_lock--1.0.sql
/usr/agens/ags-15/share/extension/dbms_lock.control
/usr/agens/ags-15/share/extension/dbms_output--3.18.0.sql
/usr/agens/ags-15/share/extension/dbms_output.control
/usr/agens/ags-15/share/extension/dbms_pipe--3.18.0.sql
/usr/agens/ags-15/share/extension/dbms_pipe.control
/usr/agens/ags-15/share/extension/dbms_random--3.18.0.sql
/usr/agens/ags-15/share/extension/dbms_random.control
/usr/agens/ags-15/share/extension/dbms_utility--3.8.0.sql
/usr/agens/ags-15/share/extension/dbms_utility.control
/usr/agens/ags-15/share/extension/ora_casts.sql
/usr/agens/ags-15/share/extension/orafce--3.18.sql
/usr/agens/ags-15/share/extension/orafce.control
/usr/agens/ags-15/share/extension/plisql--1.0.sql
/usr/agens/ags-15/share/extension/plisql.control
/usr/agens/ags-15/share/extension/plpgsql--1.0.sql
/usr/agens/ags-15/share/extension/plpgsql.control
/usr/agens/ags-15/share/extension/utl_encode--1.0.sql
/usr/agens/ags-15/share/extension/utl_encode.control
/usr/agens/ags-15/share/extension/utl_file--3.8.0.sql
/usr/agens/ags-15/share/extension/utl_file.control
/usr/agens/ags-15/share/extension/utl_http--1.0.sql
/usr/agens/ags-15/share/extension/utl_http.control
/usr/agens/ags-15/share/extension/utl_match--1.0.0.sql
/usr/agens/ags-15/share/extension/utl_match.control
/usr/agens/ags-15/share/extension/utl_raw--1.0.sql
/usr/agens/ags-15/share/extension/utl_raw.control
/usr/agens/ags-15/share/extension/utl_tcp--1.0.0.sql
/usr/agens/ags-15/share/extension/utl_tcp.control
/usr/agens/ags-15/share/extension/utl_url--1.0.sql
/usr/agens/ags-15/share/extension/utl_url.control
/usr/agens/ags-15/share/information_schema.sql
/usr/agens/ags-15/share/locale/cs/LC_MESSAGES/pg_archivecleanup-15.mo
/usr/agens/ags-15/share/locale/cs/LC_MESSAGES/pg_controldata-15.mo
/usr/agens/ags-15/share/locale/cs/LC_MESSAGES/pg_resetwal-15.mo
/usr/agens/ags-15/share/locale/cs/LC_MESSAGES/pg_upgrade-15.mo
/usr/agens/ags-15/share/locale/cs/LC_MESSAGES/plpgsql-15.mo
/usr/agens/ags-15/share/locale/de/LC_MESSAGES/pg_archivecleanup-15.mo
/usr/agens/ags-15/share/locale/de/LC_MESSAGES/pg_checksums-15.mo
/usr/agens/ags-15/share/locale/de/LC_MESSAGES/pg_controldata-15.mo
/usr/agens/ags-15/share/locale/de/LC_MESSAGES/pg_resetwal-15.mo
/usr/agens/ags-15/share/locale/de/LC_MESSAGES/pg_rewind-15.mo
/usr/agens/ags-15/share/locale/de/LC_MESSAGES/pg_test_fsync-15.mo
/usr/agens/ags-15/share/locale/de/LC_MESSAGES/pg_test_timing-15.mo
/usr/agens/ags-15/share/locale/de/LC_MESSAGES/pg_upgrade-15.mo
/usr/agens/ags-15/share/locale/de/LC_MESSAGES/pg_verifybackup-15.mo
/usr/agens/ags-15/share/locale/de/LC_MESSAGES/pg_waldump-15.mo
/usr/agens/ags-15/share/locale/de/LC_MESSAGES/plpgsql-15.mo
/usr/agens/ags-15/share/locale/de/LC_MESSAGES/postgres-15.mo
/usr/agens/ags-15/share/locale/el/LC_MESSAGES/pg_archivecleanup-15.mo
/usr/agens/ags-15/share/locale/el/LC_MESSAGES/pg_checksums-15.mo
/usr/agens/ags-15/share/locale/el/LC_MESSAGES/pg_controldata-15.mo
/usr/agens/ags-15/share/locale/el/LC_MESSAGES/pg_resetwal-15.mo
/usr/agens/ags-15/share/locale/el/LC_MESSAGES/pg_rewind-15.mo
/usr/agens/ags-15/share/locale/el/LC_MESSAGES/pg_test_fsync-15.mo
/usr/agens/ags-15/share/locale/el/LC_MESSAGES/pg_test_timing-15.mo
/usr/agens/ags-15/share/locale/el/LC_MESSAGES/pg_verifybackup-15.mo
/usr/agens/ags-15/share/locale/el/LC_MESSAGES/pg_waldump-15.mo
/usr/agens/ags-15/share/locale/el/LC_MESSAGES/plpgsql-15.mo
/usr/agens/ags-15/share/locale/es/LC_MESSAGES/pg_archivecleanup-15.mo
/usr/agens/ags-15/share/locale/es/LC_MESSAGES/pg_checksums-15.mo
/usr/agens/ags-15/share/locale/es/LC_MESSAGES/pg_controldata-15.mo
/usr/agens/ags-15/share/locale/es/LC_MESSAGES/pg_resetwal-15.mo
/usr/agens/ags-15/share/locale/es/LC_MESSAGES/pg_rewind-15.mo
/usr/agens/ags-15/share/locale/es/LC_MESSAGES/pg_test_fsync-15.mo
/usr/agens/ags-15/share/locale/es/LC_MESSAGES/pg_test_timing-15.mo
/usr/agens/ags-15/share/locale/es/LC_MESSAGES/pg_upgrade-15.mo
/usr/agens/ags-15/share/locale/es/LC_MESSAGES/pg_verifybackup-15.mo
/usr/agens/ags-15/share/locale/es/LC_MESSAGES/pg_waldump-15.mo
/usr/agens/ags-15/share/locale/es/LC_MESSAGES/plpgsql-15.mo
/usr/agens/ags-15/share/locale/es/LC_MESSAGES/postgres-15.mo
/usr/agens/ags-15/share/locale/fr/LC_MESSAGES/pg_archivecleanup-15.mo
/usr/agens/ags-15/share/locale/fr/LC_MESSAGES/pg_checksums-15.mo
/usr/agens/ags-15/share/locale/fr/LC_MESSAGES/pg_controldata-15.mo
/usr/agens/ags-15/share/locale/fr/LC_MESSAGES/pg_resetwal-15.mo
/usr/agens/ags-15/share/locale/fr/LC_MESSAGES/pg_rewind-15.mo
/usr/agens/ags-15/share/locale/fr/LC_MESSAGES/pg_test_fsync-15.mo
/usr/agens/ags-15/share/locale/fr/LC_MESSAGES/pg_test_timing-15.mo
/usr/agens/ags-15/share/locale/fr/LC_MESSAGES/pg_upgrade-15.mo
/usr/agens/ags-15/share/locale/fr/LC_MESSAGES/pg_verifybackup-15.mo
/usr/agens/ags-15/share/locale/fr/LC_MESSAGES/pg_waldump-15.mo
/usr/agens/ags-15/share/locale/fr/LC_MESSAGES/plpgsql-15.mo
/usr/agens/ags-15/share/locale/fr/LC_MESSAGES/postgres-15.mo
/usr/agens/ags-15/share/locale/it/LC_MESSAGES/pg_archivecleanup-15.mo
/usr/agens/ags-15/share/locale/it/LC_MESSAGES/pg_checksums-15.mo
/usr/agens/ags-15/share/locale/it/LC_MESSAGES/pg_controldata-15.mo
/usr/agens/ags-15/share/locale/it/LC_MESSAGES/pg_resetwal-15.mo
/usr/agens/ags-15/share/locale/it/LC_MESSAGES/pg_rewind-15.mo
/usr/agens/ags-15/share/locale/it/LC_MESSAGES/pg_test_fsync-15.mo
/usr/agens/ags-15/share/locale/it/LC_MESSAGES/pg_test_timing-15.mo
/usr/agens/ags-15/share/locale/it/LC_MESSAGES/pg_upgrade-15.mo
/usr/agens/ags-15/share/locale/it/LC_MESSAGES/pg_verifybackup-15.mo
/usr/agens/ags-15/share/locale/it/LC_MESSAGES/pg_waldump-15.mo
/usr/agens/ags-15/share/locale/it/LC_MESSAGES/plpgsql-15.mo
/usr/agens/ags-15/share/locale/it/LC_MESSAGES/postgres-15.mo
/usr/agens/ags-15/share/locale/ja/LC_MESSAGES/pg_archivecleanup-15.mo
/usr/agens/ags-15/share/locale/ja/LC_MESSAGES/pg_checksums-15.mo
/usr/agens/ags-15/share/locale/ja/LC_MESSAGES/pg_controldata-15.mo
/usr/agens/ags-15/share/locale/ja/LC_MESSAGES/pg_resetwal-15.mo
/usr/agens/ags-15/share/locale/ja/LC_MESSAGES/pg_rewind-15.mo
/usr/agens/ags-15/share/locale/ja/LC_MESSAGES/pg_test_fsync-15.mo
/usr/agens/ags-15/share/locale/ja/LC_MESSAGES/pg_test_timing-15.mo
/usr/agens/ags-15/share/locale/ja/LC_MESSAGES/pg_upgrade-15.mo
/usr/agens/ags-15/share/locale/ja/LC_MESSAGES/pg_verifybackup-15.mo
/usr/agens/ags-15/share/locale/ja/LC_MESSAGES/pg_waldump-15.mo
/usr/agens/ags-15/share/locale/ja/LC_MESSAGES/plpgsql-15.mo
/usr/agens/ags-15/share/locale/ja/LC_MESSAGES/postgres-15.mo
/usr/agens/ags-15/share/locale/ka/LC_MESSAGES/pg_archivecleanup-15.mo
/usr/agens/ags-15/share/locale/ka/LC_MESSAGES/pg_checksums-15.mo
/usr/agens/ags-15/share/locale/ka/LC_MESSAGES/pg_controldata-15.mo
/usr/agens/ags-15/share/locale/ka/LC_MESSAGES/pg_resetwal-15.mo
/usr/agens/ags-15/share/locale/ka/LC_MESSAGES/pg_rewind-15.mo
/usr/agens/ags-15/share/locale/ka/LC_MESSAGES/pg_test_fsync-15.mo
/usr/agens/ags-15/share/locale/ka/LC_MESSAGES/pg_test_timing-15.mo
/usr/agens/ags-15/share/locale/ka/LC_MESSAGES/pg_upgrade-15.mo
/usr/agens/ags-15/share/locale/ka/LC_MESSAGES/pg_verifybackup-15.mo
/usr/agens/ags-15/share/locale/ka/LC_MESSAGES/pg_waldump-15.mo
/usr/agens/ags-15/share/locale/ka/LC_MESSAGES/plpgsql-15.mo
/usr/agens/ags-15/share/locale/ka/LC_MESSAGES/postgres-15.mo
/usr/agens/ags-15/share/locale/ko/LC_MESSAGES/pg_archivecleanup-15.mo
/usr/agens/ags-15/share/locale/ko/LC_MESSAGES/pg_checksums-15.mo
/usr/agens/ags-15/share/locale/ko/LC_MESSAGES/pg_controldata-15.mo
/usr/agens/ags-15/share/locale/ko/LC_MESSAGES/pg_resetwal-15.mo
/usr/agens/ags-15/share/locale/ko/LC_MESSAGES/pg_rewind-15.mo
/usr/agens/ags-15/share/locale/ko/LC_MESSAGES/pg_test_fsync-15.mo
/usr/agens/ags-15/share/locale/ko/LC_MESSAGES/pg_test_timing-15.mo
/usr/agens/ags-15/share/locale/ko/LC_MESSAGES/pg_upgrade-15.mo
/usr/agens/ags-15/share/locale/ko/LC_MESSAGES/pg_verifybackup-15.mo
/usr/agens/ags-15/share/locale/ko/LC_MESSAGES/pg_waldump-15.mo
/usr/agens/ags-15/share/locale/ko/LC_MESSAGES/plpgsql-15.mo
/usr/agens/ags-15/share/locale/ko/LC_MESSAGES/postgres-15.mo
/usr/agens/ags-15/share/locale/pl/LC_MESSAGES/plpgsql-15.mo
/usr/agens/ags-15/share/locale/pt_BR/LC_MESSAGES/pg_archivecleanup-15.mo
/usr/agens/ags-15/share/locale/pt_BR/LC_MESSAGES/pg_checksums-15.mo
/usr/agens/ags-15/share/locale/pt_BR/LC_MESSAGES/pg_controldata-15.mo
/usr/agens/ags-15/share/locale/pt_BR/LC_MESSAGES/pg_resetwal-15.mo
/usr/agens/ags-15/share/locale/pt_BR/LC_MESSAGES/pg_test_fsync-15.mo
/usr/agens/ags-15/share/locale/pt_BR/LC_MESSAGES/pg_test_timing-15.mo
/usr/agens/ags-15/share/locale/pt_BR/LC_MESSAGES/plpgsql-15.mo
/usr/agens/ags-15/share/locale/ru/LC_MESSAGES/pg_archivecleanup-15.mo
/usr/agens/ags-15/share/locale/ru/LC_MESSAGES/pg_checksums-15.mo
/usr/agens/ags-15/share/locale/ru/LC_MESSAGES/pg_controldata-15.mo
/usr/agens/ags-15/share/locale/ru/LC_MESSAGES/pg_resetwal-15.mo
/usr/agens/ags-15/share/locale/ru/LC_MESSAGES/pg_rewind-15.mo
/usr/agens/ags-15/share/locale/ru/LC_MESSAGES/pg_test_fsync-15.mo
/usr/agens/ags-15/share/locale/ru/LC_MESSAGES/pg_test_timing-15.mo
/usr/agens/ags-15/share/locale/ru/LC_MESSAGES/pg_upgrade-15.mo
/usr/agens/ags-15/share/locale/ru/LC_MESSAGES/pg_verifybackup-15.mo
/usr/agens/ags-15/share/locale/ru/LC_MESSAGES/pg_waldump-15.mo
/usr/agens/ags-15/share/locale/ru/LC_MESSAGES/plpgsql-15.mo
/usr/agens/ags-15/share/locale/ru/LC_MESSAGES/postgres-15.mo
/usr/agens/ags-15/share/locale/sv/LC_MESSAGES/pg_archivecleanup-15.mo
/usr/agens/ags-15/share/locale/sv/LC_MESSAGES/pg_checksums-15.mo
/usr/agens/ags-15/share/locale/sv/LC_MESSAGES/pg_controldata-15.mo
/usr/agens/ags-15/share/locale/sv/LC_MESSAGES/pg_resetwal-15.mo
/usr/agens/ags-15/share/locale/sv/LC_MESSAGES/pg_rewind-15.mo
/usr/agens/ags-15/share/locale/sv/LC_MESSAGES/pg_test_fsync-15.mo
/usr/agens/ags-15/share/locale/sv/LC_MESSAGES/pg_test_timing-15.mo
/usr/agens/ags-15/share/locale/sv/LC_MESSAGES/pg_upgrade-15.mo
/usr/agens/ags-15/share/locale/sv/LC_MESSAGES/pg_verifybackup-15.mo
/usr/agens/ags-15/share/locale/sv/LC_MESSAGES/pg_waldump-15.mo
/usr/agens/ags-15/share/locale/sv/LC_MESSAGES/plpgsql-15.mo
/usr/agens/ags-15/share/locale/sv/LC_MESSAGES/postgres-15.mo
/usr/agens/ags-15/share/locale/tr/LC_MESSAGES/pg_archivecleanup-15.mo
/usr/agens/ags-15/share/locale/tr/LC_MESSAGES/pg_controldata-15.mo
/usr/agens/ags-15/share/locale/tr/LC_MESSAGES/plpgsql-15.mo
/usr/agens/ags-15/share/locale/uk/LC_MESSAGES/pg_archivecleanup-15.mo
/usr/agens/ags-15/share/locale/uk/LC_MESSAGES/pg_checksums-15.mo
/usr/agens/ags-15/share/locale/uk/LC_MESSAGES/pg_controldata-15.mo
/usr/agens/ags-15/share/locale/uk/LC_MESSAGES/pg_resetwal-15.mo
/usr/agens/ags-15/share/locale/uk/LC_MESSAGES/pg_rewind-15.mo
/usr/agens/ags-15/share/locale/uk/LC_MESSAGES/pg_test_fsync-15.mo
/usr/agens/ags-15/share/locale/uk/LC_MESSAGES/pg_test_timing-15.mo
/usr/agens/ags-15/share/locale/uk/LC_MESSAGES/pg_upgrade-15.mo
/usr/agens/ags-15/share/locale/uk/LC_MESSAGES/pg_verifybackup-15.mo
/usr/agens/ags-15/share/locale/uk/LC_MESSAGES/pg_waldump-15.mo
/usr/agens/ags-15/share/locale/uk/LC_MESSAGES/plpgsql-15.mo
/usr/agens/ags-15/share/locale/uk/LC_MESSAGES/postgres-15.mo
/usr/agens/ags-15/share/locale/vi/LC_MESSAGES/plpgsql-15.mo
/usr/agens/ags-15/share/locale/zh_CN/LC_MESSAGES/pg_archivecleanup-15.mo
/usr/agens/ags-15/share/locale/zh_CN/LC_MESSAGES/pg_controldata-15.mo
/usr/agens/ags-15/share/locale/zh_CN/LC_MESSAGES/pg_resetwal-15.mo
/usr/agens/ags-15/share/locale/zh_CN/LC_MESSAGES/pg_rewind-15.mo
/usr/agens/ags-15/share/locale/zh_CN/LC_MESSAGES/pg_test_timing-15.mo
/usr/agens/ags-15/share/locale/zh_CN/LC_MESSAGES/pg_upgrade-15.mo
/usr/agens/ags-15/share/locale/zh_CN/LC_MESSAGES/pg_verifybackup-15.mo
/usr/agens/ags-15/share/locale/zh_CN/LC_MESSAGES/plpgsql-15.mo
/usr/agens/ags-15/share/locale/zh_CN/LC_MESSAGES/postgres-15.mo
/usr/agens/ags-15/share/ora_catalog_views.sql
/usr/agens/ags-15/share/pg-sample.sql
/usr/agens/ags-15/share/pg_hba.conf.sample
/usr/agens/ags-15/share/pg_ident.conf.sample
/usr/agens/ags-15/share/pg_service.conf.sample
/usr/agens/ags-15/share/postgres.bki
/usr/agens/ags-15/share/postgresql.conf.sample
/usr/agens/ags-15/share/psqlrc.sample
/usr/agens/ags-15/share/snowball_create.sql
/usr/agens/ags-15/share/sql_features.txt
/usr/agens/ags-15/share/sys_schema.sql
/usr/agens/ags-15/share/system_constraints.sql
/usr/agens/ags-15/share/system_functions.sql
/usr/agens/ags-15/share/system_views.sql
/usr/agens/ags-15/share/timezonesets/Africa.txt
/usr/agens/ags-15/share/timezonesets/America.txt
/usr/agens/ags-15/share/timezonesets/Antarctica.txt
/usr/agens/ags-15/share/timezonesets/Asia.txt
/usr/agens/ags-15/share/timezonesets/Atlantic.txt
/usr/agens/ags-15/share/timezonesets/Australia
/usr/agens/ags-15/share/timezonesets/Australia.txt
/usr/agens/ags-15/share/timezonesets/Default
/usr/agens/ags-15/share/timezonesets/Etc.txt
/usr/agens/ags-15/share/timezonesets/Europe.txt
/usr/agens/ags-15/share/timezonesets/India
/usr/agens/ags-15/share/timezonesets/Indian.txt
/usr/agens/ags-15/share/timezonesets/Pacific.txt
/usr/agens/ags-15/share/tsearch_data/danish.stop
/usr/agens/ags-15/share/tsearch_data/dutch.stop
/usr/agens/ags-15/share/tsearch_data/english.stop
/usr/agens/ags-15/share/tsearch_data/finnish.stop
/usr/agens/ags-15/share/tsearch_data/french.stop
/usr/agens/ags-15/share/tsearch_data/german.stop
/usr/agens/ags-15/share/tsearch_data/hungarian.stop
/usr/agens/ags-15/share/tsearch_data/hunspell_sample.affix
/usr/agens/ags-15/share/tsearch_data/hunspell_sample_long.affix
/usr/agens/ags-15/share/tsearch_data/hunspell_sample_long.dict
/usr/agens/ags-15/share/tsearch_data/hunspell_sample_num.affix
/usr/agens/ags-15/share/tsearch_data/hunspell_sample_num.dict
/usr/agens/ags-15/share/tsearch_data/ispell_sample.affix
/usr/agens/ags-15/share/tsearch_data/ispell_sample.dict
/usr/agens/ags-15/share/tsearch_data/italian.stop
/usr/agens/ags-15/share/tsearch_data/nepali.stop
/usr/agens/ags-15/share/tsearch_data/norwegian.stop
/usr/agens/ags-15/share/tsearch_data/portuguese.stop
/usr/agens/ags-15/share/tsearch_data/russian.stop
/usr/agens/ags-15/share/tsearch_data/spanish.stop
/usr/agens/ags-15/share/tsearch_data/swedish.stop
/usr/agens/ags-15/share/tsearch_data/synonym_sample.syn
/usr/agens/ags-15/share/tsearch_data/thesaurus_sample.ths
/usr/agens/ags-15/share/tsearch_data/turkish.stop
/usr/agens/ags-15/share/tsearch_data/unaccent.rules
/usr/agens/ags-15/share/tsearch_data/xsyn_sample.rules
/usr/bin/ags-15-setup
/usr/lib/systemd/system/ags-15.service
/usr/lib/tmpfiles.d/ags-15.conf
/var/lib/agens
/var/lib/agens/.agslicense/EE15
/var/lib/agens/ags-15
/var/lib/agens/ags-15/backups
/var/lib/agens/ags-15/data
/var/run/ags
/usr/agens/ags-15/bin/ecpg
/usr/agens/ags-15/include/ecpg_config.h
/usr/agens/ags-15/include/ecpg_config_x86_64.h
/usr/agens/ags-15/include/ecpg_informix.h
/usr/agens/ags-15/include/ecpgerrno.h
/usr/agens/ags-15/include/ecpglib.h
/usr/agens/ags-15/include/ecpgtype.h
/usr/agens/ags-15/include/informix
/usr/agens/ags-15/include/informix/esql
/usr/agens/ags-15/include/informix/esql/datetime.h
/usr/agens/ags-15/include/informix/esql/decimal.h
/usr/agens/ags-15/include/informix/esql/sqltypes.h
/usr/agens/ags-15/include/internal
/usr/agens/ags-15/include/internal/c.h
/usr/agens/ags-15/include/internal/fe-auth-sasl.h
/usr/agens/ags-15/include/internal/libpq
/usr/agens/ags-15/include/internal/libpq-int.h
/usr/agens/ags-15/include/internal/libpq/pqcomm.h
/usr/agens/ags-15/include/internal/port.h
/usr/agens/ags-15/include/internal/postgres_fe.h
/usr/agens/ags-15/include/internal/pqexpbuffer.h
/usr/agens/ags-15/include/libpq
/usr/agens/ags-15/include/libpq-events.h
/usr/agens/ags-15/include/libpq-fe.h
/usr/agens/ags-15/include/libpq/libpq-fs.h
/usr/agens/ags-15/include/pg_config.h
/usr/agens/ags-15/include/pg_config_ext.h
/usr/agens/ags-15/include/pg_config_manual.h
/usr/agens/ags-15/include/pg_config_os.h
/usr/agens/ags-15/include/pg_config_x86_64.h
/usr/agens/ags-15/include/pgtypes.h
/usr/agens/ags-15/include/pgtypes_date.h
/usr/agens/ags-15/include/pgtypes_error.h
/usr/agens/ags-15/include/pgtypes_interval.h
/usr/agens/ags-15/include/pgtypes_numeric.h
/usr/agens/ags-15/include/pgtypes_timestamp.h
/usr/agens/ags-15/include/postgres_ext.h
/usr/agens/ags-15/include/server
/usr/agens/ags-15/include/server/access
/usr/agens/ags-15/include/server/access/amapi.h
/usr/agens/ags-15/include/server/access/amvalidate.h
/usr/agens/ags-15/include/server/access/attmap.h
/usr/agens/ags-15/include/server/access/attnum.h
/usr/agens/ags-15/include/server/access/brin.h
/usr/agens/ags-15/include/server/access/brin_internal.h
/usr/agens/ags-15/include/server/access/brin_page.h
/usr/agens/ags-15/include/server/access/brin_pageops.h
/usr/agens/ags-15/include/server/access/brin_revmap.h
/usr/agens/ags-15/include/server/access/brin_tuple.h
/usr/agens/ags-15/include/server/access/brin_xlog.h
/usr/agens/ags-15/include/server/access/bufmask.h
/usr/agens/ags-15/include/server/access/clog.h
/usr/agens/ags-15/include/server/access/commit_ts.h
/usr/agens/ags-15/include/server/access/detoast.h
/usr/agens/ags-15/include/server/access/genam.h
/usr/agens/ags-15/include/server/access/generic_xlog.h
/usr/agens/ags-15/include/server/access/gin.h
/usr/agens/ags-15/include/server/access/gin_private.h
/usr/agens/ags-15/include/server/access/ginblock.h
/usr/agens/ags-15/include/server/access/ginxlog.h
/usr/agens/ags-15/include/server/access/gist.h
/usr/agens/ags-15/include/server/access/gist_private.h
/usr/agens/ags-15/include/server/access/gistscan.h
/usr/agens/ags-15/include/server/access/gistxlog.h
/usr/agens/ags-15/include/server/access/hash.h
/usr/agens/ags-15/include/server/access/hash_xlog.h
/usr/agens/ags-15/include/server/access/heapam.h
/usr/agens/ags-15/include/server/access/heapam_xlog.h
/usr/agens/ags-15/include/server/access/heaptoast.h
/usr/agens/ags-15/include/server/access/hio.h
/usr/agens/ags-15/include/server/access/htup.h
/usr/agens/ags-15/include/server/access/htup_details.h
/usr/agens/ags-15/include/server/access/itup.h
/usr/agens/ags-15/include/server/access/multixact.h
/usr/agens/ags-15/include/server/access/nbtree.h
/usr/agens/ags-15/include/server/access/nbtxlog.h
/usr/agens/ags-15/include/server/access/parallel.h
/usr/agens/ags-15/include/server/access/printsimple.h
/usr/agens/ags-15/include/server/access/printtup.h
/usr/agens/ags-15/include/server/access/relation.h
/usr/agens/ags-15/include/server/access/reloptions.h
/usr/agens/ags-15/include/server/access/relscan.h
/usr/agens/ags-15/include/server/access/rewriteheap.h
/usr/agens/ags-15/include/server/access/rmgr.h
/usr/agens/ags-15/include/server/access/rmgrlist.h
/usr/agens/ags-15/include/server/access/sdir.h
/usr/agens/ags-15/include/server/access/session.h
/usr/agens/ags-15/include/server/access/skey.h
/usr/agens/ags-15/include/server/access/slru.h
/usr/agens/ags-15/include/server/access/spgist.h
/usr/agens/ags-15/include/server/access/spgist_private.h
/usr/agens/ags-15/include/server/access/spgxlog.h
/usr/agens/ags-15/include/server/access/stratnum.h
/usr/agens/ags-15/include/server/access/subtrans.h
/usr/agens/ags-15/include/server/access/syncscan.h
/usr/agens/ags-15/include/server/access/sysattr.h
/usr/agens/ags-15/include/server/access/table.h
/usr/agens/ags-15/include/server/access/tableam.h
/usr/agens/ags-15/include/server/access/timeline.h
/usr/agens/ags-15/include/server/access/toast_compression.h
/usr/agens/ags-15/include/server/access/toast_helper.h
/usr/agens/ags-15/include/server/access/toast_internals.h
/usr/agens/ags-15/include/server/access/transam.h
/usr/agens/ags-15/include/server/access/tsmapi.h
/usr/agens/ags-15/include/server/access/tupconvert.h
/usr/agens/ags-15/include/server/access/tupdesc.h
/usr/agens/ags-15/include/server/access/tupdesc_details.h
/usr/agens/ags-15/include/server/access/tupmacs.h
/usr/agens/ags-15/include/server/access/twophase.h
/usr/agens/ags-15/include/server/access/twophase_rmgr.h
/usr/agens/ags-15/include/server/access/valid.h
/usr/agens/ags-15/include/server/access/visibilitymap.h
/usr/agens/ags-15/include/server/access/visibilitymapdefs.h
/usr/agens/ags-15/include/server/access/xact.h
/usr/agens/ags-15/include/server/access/xlog.h
/usr/agens/ags-15/include/server/access/xlog_internal.h
/usr/agens/ags-15/include/server/access/xlogarchive.h
/usr/agens/ags-15/include/server/access/xlogdefs.h
/usr/agens/ags-15/include/server/access/xloginsert.h
/usr/agens/ags-15/include/server/access/xlogprefetcher.h
/usr/agens/ags-15/include/server/access/xlogreader.h
/usr/agens/ags-15/include/server/access/xlogrecord.h
/usr/agens/ags-15/include/server/access/xlogrecovery.h
/usr/agens/ags-15/include/server/access/xlogstats.h
/usr/agens/ags-15/include/server/access/xlogutils.h
/usr/agens/ags-15/include/server/bootstrap
/usr/agens/ags-15/include/server/bootstrap/bootstrap.h
/usr/agens/ags-15/include/server/c.h
/usr/agens/ags-15/include/server/catalog
/usr/agens/ags-15/include/server/catalog/ag_password_history.h
/usr/agens/ags-15/include/server/catalog/ag_password_history_d.h
/usr/agens/ags-15/include/server/catalog/ag_password_history_fn.h
/usr/agens/ags-15/include/server/catalog/ag_profile.h
/usr/agens/ags-15/include/server/catalog/ag_profile_d.h
/usr/agens/ags-15/include/server/catalog/ag_profile_fn.h
/usr/agens/ags-15/include/server/catalog/ag_redaction_column.h
/usr/agens/ags-15/include/server/catalog/ag_redaction_column_d.h
/usr/agens/ags-15/include/server/catalog/ag_redaction_policy.h
/usr/agens/ags-15/include/server/catalog/ag_redaction_policy_d.h
/usr/agens/ags-15/include/server/catalog/binary_upgrade.h
/usr/agens/ags-15/include/server/catalog/catalog.h
/usr/agens/ags-15/include/server/catalog/catversion.h
/usr/agens/ags-15/include/server/catalog/dependency.h
/usr/agens/ags-15/include/server/catalog/genbki.h
/usr/agens/ags-15/include/server/catalog/heap.h
/usr/agens/ags-15/include/server/catalog/index.h
/usr/agens/ags-15/include/server/catalog/indexing.h
/usr/agens/ags-15/include/server/catalog/namespace.h
/usr/agens/ags-15/include/server/catalog/objectaccess.h
/usr/agens/ags-15/include/server/catalog/objectaddress.h
/usr/agens/ags-15/include/server/catalog/partition.h
/usr/agens/ags-15/include/server/catalog/pg_aggregate.h
/usr/agens/ags-15/include/server/catalog/pg_aggregate_d.h
/usr/agens/ags-15/include/server/catalog/pg_am.h
/usr/agens/ags-15/include/server/catalog/pg_am_d.h
/usr/agens/ags-15/include/server/catalog/pg_amop.h
/usr/agens/ags-15/include/server/catalog/pg_amop_d.h
/usr/agens/ags-15/include/server/catalog/pg_amproc.h
/usr/agens/ags-15/include/server/catalog/pg_amproc_d.h
/usr/agens/ags-15/include/server/catalog/pg_attrdef.h
/usr/agens/ags-15/include/server/catalog/pg_attrdef_d.h
/usr/agens/ags-15/include/server/catalog/pg_attribute.h
/usr/agens/ags-15/include/server/catalog/pg_attribute_d.h
/usr/agens/ags-15/include/server/catalog/pg_auth_members.h
/usr/agens/ags-15/include/server/catalog/pg_auth_members_d.h
/usr/agens/ags-15/include/server/catalog/pg_authid.h
/usr/agens/ags-15/include/server/catalog/pg_authid_d.h
/usr/agens/ags-15/include/server/catalog/pg_cast.h
/usr/agens/ags-15/include/server/catalog/pg_cast_d.h
/usr/agens/ags-15/include/server/catalog/pg_class.h
/usr/agens/ags-15/include/server/catalog/pg_class_d.h
/usr/agens/ags-15/include/server/catalog/pg_collation.h
/usr/agens/ags-15/include/server/catalog/pg_collation_d.h
/usr/agens/ags-15/include/server/catalog/pg_constraint.h
/usr/agens/ags-15/include/server/catalog/pg_constraint_d.h
/usr/agens/ags-15/include/server/catalog/pg_control.h
/usr/agens/ags-15/include/server/catalog/pg_conversion.h
/usr/agens/ags-15/include/server/catalog/pg_conversion_d.h
/usr/agens/ags-15/include/server/catalog/pg_database.h
/usr/agens/ags-15/include/server/catalog/pg_database_d.h
/usr/agens/ags-15/include/server/catalog/pg_db_role_setting.h
/usr/agens/ags-15/include/server/catalog/pg_db_role_setting_d.h
/usr/agens/ags-15/include/server/catalog/pg_default_acl.h
/usr/agens/ags-15/include/server/catalog/pg_default_acl_d.h
/usr/agens/ags-15/include/server/catalog/pg_depend.h
/usr/agens/ags-15/include/server/catalog/pg_depend_d.h
/usr/agens/ags-15/include/server/catalog/pg_description.h
/usr/agens/ags-15/include/server/catalog/pg_description_d.h
/usr/agens/ags-15/include/server/catalog/pg_enum.h
/usr/agens/ags-15/include/server/catalog/pg_enum_d.h
/usr/agens/ags-15/include/server/catalog/pg_event_trigger.h
/usr/agens/ags-15/include/server/catalog/pg_event_trigger_d.h
/usr/agens/ags-15/include/server/catalog/pg_extension.h
/usr/agens/ags-15/include/server/catalog/pg_extension_d.h
/usr/agens/ags-15/include/server/catalog/pg_foreign_data_wrapper.h
/usr/agens/ags-15/include/server/catalog/pg_foreign_data_wrapper_d.h
/usr/agens/ags-15/include/server/catalog/pg_foreign_server.h
/usr/agens/ags-15/include/server/catalog/pg_foreign_server_d.h
/usr/agens/ags-15/include/server/catalog/pg_foreign_table.h
/usr/agens/ags-15/include/server/catalog/pg_foreign_table_d.h
/usr/agens/ags-15/include/server/catalog/pg_index.h
/usr/agens/ags-15/include/server/catalog/pg_index_d.h
/usr/agens/ags-15/include/server/catalog/pg_inherits.h
/usr/agens/ags-15/include/server/catalog/pg_inherits_d.h
/usr/agens/ags-15/include/server/catalog/pg_init_privs.h
/usr/agens/ags-15/include/server/catalog/pg_init_privs_d.h
/usr/agens/ags-15/include/server/catalog/pg_language.h
/usr/agens/ags-15/include/server/catalog/pg_language_d.h
/usr/agens/ags-15/include/server/catalog/pg_largeobject.h
/usr/agens/ags-15/include/server/catalog/pg_largeobject_d.h
/usr/agens/ags-15/include/server/catalog/pg_largeobject_metadata.h
/usr/agens/ags-15/include/server/catalog/pg_largeobject_metadata_d.h
/usr/agens/ags-15/include/server/catalog/pg_namespace.h
/usr/agens/ags-15/include/server/catalog/pg_namespace_d.h
/usr/agens/ags-15/include/server/catalog/pg_opclass.h
/usr/agens/ags-15/include/server/catalog/pg_opclass_d.h
/usr/agens/ags-15/include/server/catalog/pg_operator.h
/usr/agens/ags-15/include/server/catalog/pg_operator_d.h
/usr/agens/ags-15/include/server/catalog/pg_opfamily.h
/usr/agens/ags-15/include/server/catalog/pg_opfamily_d.h
/usr/agens/ags-15/include/server/catalog/pg_package.h
/usr/agens/ags-15/include/server/catalog/pg_package_d.h
/usr/agens/ags-15/include/server/catalog/pg_parameter_acl.h
/usr/agens/ags-15/include/server/catalog/pg_parameter_acl_d.h
/usr/agens/ags-15/include/server/catalog/pg_partitioned_table.h
/usr/agens/ags-15/include/server/catalog/pg_partitioned_table_d.h
/usr/agens/ags-15/include/server/catalog/pg_policy.h
/usr/agens/ags-15/include/server/catalog/pg_policy_d.h
/usr/agens/ags-15/include/server/catalog/pg_proc.h
/usr/agens/ags-15/include/server/catalog/pg_proc_d.h
/usr/agens/ags-15/include/server/catalog/pg_publication.h
/usr/agens/ags-15/include/server/catalog/pg_publication_d.h
/usr/agens/ags-15/include/server/catalog/pg_publication_namespace.h
/usr/agens/ags-15/include/server/catalog/pg_publication_namespace_d.h
/usr/agens/ags-15/include/server/catalog/pg_publication_rel.h
/usr/agens/ags-15/include/server/catalog/pg_publication_rel_d.h
/usr/agens/ags-15/include/server/catalog/pg_range.h
/usr/agens/ags-15/include/server/catalog/pg_range_d.h
/usr/agens/ags-15/include/server/catalog/pg_replication_origin.h
/usr/agens/ags-15/include/server/catalog/pg_replication_origin_d.h
/usr/agens/ags-15/include/server/catalog/pg_rewrite.h
/usr/agens/ags-15/include/server/catalog/pg_rewrite_d.h
/usr/agens/ags-15/include/server/catalog/pg_seclabel.h
/usr/agens/ags-15/include/server/catalog/pg_seclabel_d.h
/usr/agens/ags-15/include/server/catalog/pg_sequence.h
/usr/agens/ags-15/include/server/catalog/pg_sequence_d.h
/usr/agens/ags-15/include/server/catalog/pg_shdepend.h
/usr/agens/ags-15/include/server/catalog/pg_shdepend_d.h
/usr/agens/ags-15/include/server/catalog/pg_shdescription.h
/usr/agens/ags-15/include/server/catalog/pg_shdescription_d.h
/usr/agens/ags-15/include/server/catalog/pg_shseclabel.h
/usr/agens/ags-15/include/server/catalog/pg_shseclabel_d.h
/usr/agens/ags-15/include/server/catalog/pg_statistic.h
/usr/agens/ags-15/include/server/catalog/pg_statistic_d.h
/usr/agens/ags-15/include/server/catalog/pg_statistic_ext.h
/usr/agens/ags-15/include/server/catalog/pg_statistic_ext_d.h
/usr/agens/ags-15/include/server/catalog/pg_statistic_ext_data.h
/usr/agens/ags-15/include/server/catalog/pg_statistic_ext_data_d.h
/usr/agens/ags-15/include/server/catalog/pg_subscription.h
/usr/agens/ags-15/include/server/catalog/pg_subscription_d.h
/usr/agens/ags-15/include/server/catalog/pg_subscription_rel.h
[...]
[INFO] Executing command &quot;sudo -u agens &quot;/usr/agens/ags-15/bin/psql&quot; -d agensdb -U agens -p 5449 -c &quot;checkpoint;&quot;&quot;..
[INFO] Executing command &quot;sudo -u agens &quot;/usr/agens/ags-15/bin/pg_basebackup&quot; -p 5449 -Fp -Xs -D &quot;/var/lib/agens/data_dir_5449_backup&quot;&quot;..
[INFO] Executing command &quot;sudo -u agens &quot;/usr/agens/ags-15/bin/pg_verifybackup&quot; &quot;/var/lib/agens/data_dir_5449_backup&quot; -e --data-encryption --key-unwrap-command='openssl enc -d -aria-192-cbc -pbkdf2 -in &quot;%p&quot; -pass pass:test' --file-encryption-method=AES128 --key-directory=/var/lib/agens/data_dir_5449_backup&quot;..
[INFO] Executing command &quot;rm -rf &quot;/var/lib/agens/data_dir_5449_backup&quot;&quot;..
[INFO] Stopping service at port 5449 for data directory /var/lib/agens/data_dir_5449
[INFO] Executing command &quot;sudo -u agens  &quot;/usr/agens/ags-15/bin/pg_ctl&quot; stop -w -D &quot;/var/lib/agens/data_dir_5449&quot; -o &quot;-p 5449&quot;&quot;..
[INFO] Stop service command returned 0
[INFO] Removing folder /var/lib/agens/data_dir_5449
[INFO] Executing command &quot;rm -rf &quot;/var/lib/agens/data_dir_5449&quot;&quot;..
[INFO] Remove folder command returned 0
</system-out>
    </testcase>
    <testcase classname="server.ags.tests.tde_test.AGSTestTDE" name="test_tde_5_3_pg_utility_pg_verify_backup_5_algo_aria-256_port_5450" time="3.901">
      <system-out>test_tde_5_3_pg_utility_pg_verify_backup_5_algo_aria-256_port_5450

[DEBUG] Executing service command: sudo systemctl status ags-15
[INFO] Executing command &quot;sudo systemctl status ags-15&quot;..
[INFO] Initializing Database cluster to /var/lib/agens/data_dir_5450
[INFO] Executing command &quot;sudo -u agens &quot;/usr/agens/ags-15/bin/initdb&quot; -D &quot;/var/lib/agens/data_dir_5450&quot; -U agens -y --key-wrap-command='openssl enc -e -aria-256-cbc -pbkdf2 -out &quot;%p&quot; -pass pass:test' --key-unwrap-command='openssl enc -d -aria-256-cbc -pbkdf2 -in &quot;%p&quot; -pass pass:test'&quot;..
[INFO] Executing command &quot;sudo -u agens &quot;/usr/agens/ags-15/bin/pg_ctl&quot; -U agens -D &quot;/var/lib/agens/data_dir_5450&quot; -o &quot;-p 5450&quot; -w start&quot;..
[INFO] Executing command &quot;&quot;/usr/agens/ags-15/bin/psql&quot; -d agensdb -U agens -p 5450 -f &quot;/usr/agens/ags-15/share/agens-sample.sql&quot;&quot;..
[INFO] Executing command &quot;sudo -u agens &quot;/usr/agens/ags-15/bin/psql&quot; -d agensdb -U agens -p 5450 -c &quot;checkpoint;&quot;&quot;..
[INFO] Executing command &quot;sudo -u agens &quot;/usr/agens/ags-15/bin/pg_basebackup&quot; -p 5450 -Fp -Xs -D &quot;/var/lib/agens/data_dir_5450_backup&quot;&quot;..
[INFO] Executing command &quot;sudo -u agens &quot;/usr/agens/ags-15/bin/pg_verifybackup&quot; &quot;/var/lib/agens/data_dir_5450_backup&quot; -e --data-encryption --key-unwrap-command='openssl enc -d -aria-256-cbc -pbkdf2 -in &quot;%p&quot; -pass pass:test' --file-encryption-method=AES128 --key-directory=/var/lib/agens/data_dir_5450_backup&quot;..
[INFO] Executing command &quot;rm -rf &quot;/var/lib/agens/data_dir_5450_backup&quot;&quot;..
[INFO] Stopping service at port 5450 for data directory /var/lib/agens/data_dir_5450
[INFO] Executing command &quot;sudo -u agens  &quot;/usr/agens/ags-15/bin/pg_ctl&quot; stop -w -D &quot;/var/lib/agens/data_dir_5450&quot; -o &quot;-p 5450&quot;&quot;..
[INFO] Stop service command returned 0
[INFO] Removing folder /var/lib/agens/data_dir_5450
[INFO] Executing command &quot;rm -rf &quot;/var/lib/agens/data_dir_5450&quot;&quot;..
[INFO] Remove folder command returned 0

[DEBUG] Executing service command: sudo systemctl status ags-15
[INFO] Executing command &quot;sudo systemctl status ags-15&quot;..
[INFO] Initializing Database cluster to /var/lib/agens/data_dir_5450
[INFO] Executing command &quot;sudo -u agens &quot;/usr/agens/ags-15/bin/initdb&quot; -D &quot;/var/lib/agens/data_dir_5450&quot; -U agens -y --key-wrap-command='openssl enc -e -aria-256-cbc -pbkdf2 -out &quot;%p&quot; -pass pass:test' --key-unwrap-command='openssl enc -d -aria-256-cbc -pbkdf2 -in &quot;%p&quot; -pass pass:test'&quot;..
[INFO] Executing command &quot;sudo -u agens &quot;/usr/agens/ags-15/bin/pg_ctl&quot; -U agens -D &quot;/var/lib/agens/data_dir_5450&quot; -o &quot;-p 5450&quot; -w start&quot;..
[INFO] Executing command &quot;&quot;/usr/agens/ags-15/bin/psql&quot; -d agensdb -U agens -p 5450 -f &quot;/usr/agens/ags-15/share/agens-sample.sql&quot;&quot;..
[INFO] Executing command &quot;sudo -u agens &quot;/usr/agens/ags-15/bin/psql&quot; -d agensdb -U agens -p 5450 -c &quot;checkpoint;&quot;&quot;..
[INFO] Executing command &quot;sudo -u agens &quot;/usr/agens/ags-15/bin/pg_basebackup&quot; -p 5450 -Fp -Xs -D &quot;/var/lib/agens/data_dir_5450_backup&quot;&quot;..
[INFO] Executing command &quot;sudo -u agens &quot;/usr/agens/ags-15/bin/pg_verifybackup&quot; &quot;/var/lib/agens/data_dir_5450_backup&quot; -e --data-encryption --key-unwrap-command='openssl enc -d -aria-256-cbc -pbkdf2 -in &quot;%p&quot; -pass pass:test' --file-encryption-method=AES128 --key-directory=/var/lib/agens/data_dir_5450_backup&quot;..
[INFO] Executing command &quot;rm -rf &quot;/var/lib/agens/data_dir_5450_backup&quot;&quot;..
[INFO] Stopping service at port 5450 for data directory /var/lib/agens/data_dir_5450
[INFO] Executing command &quot;sudo -u agens  &quot;/usr/agens/ags-15/bin/pg_ctl&quot; stop -w -D &quot;/var/lib/agens/data_dir_5450&quot; -o &quot;-p 5450&quot;&quot;..
[INFO] Stop service command returned 0
[INFO] Removing folder /var/lib/agens/data_dir_5450
[INFO] Executing command &quot;rm -rf &quot;/var/lib/agens/data_dir_5450&quot;&quot;..
[INFO] Remove folder command returned 0

[DEBUG] Executing service command: sudo systemctl status ags-15
[INFO] Executing command &quot;sudo systemctl status ags-15&quot;..
[INFO] Initializing Database cluster to /var/lib/agens/data_dir_5450
[INFO] Executing command &quot;sudo -u agens &quot;/usr/agens/ags-15/bin/initdb&quot; -D &quot;/var/lib/agens/data_dir_5450&quot; -U agens -y --key-wrap-command='openssl enc -e -aria-256-cbc -pbkdf2 -out &quot;%p&quot; -pass pass:test' --key-unwrap-command='openssl enc -d -aria-256-cbc -pbkdf2 -in &quot;%p&quot; -pass pass:test'&quot;..
[INFO] Executing command &quot;sudo -u agens &quot;/usr/agens/ags-15/bin/pg_ctl&quot; -U agens -D &quot;/var/lib/agens/data_dir_5450&quot; -o &quot;-p 5450&quot; -w start&quot;..
[INFO] Executing command &quot;&quot;/usr/agens/ags-15/bin/psql&quot; -d agensdb -U agens -p 5450 -f &quot;/usr/agens/ags-15/share/agens-sample.sql&quot;&quot;..
[INFO] Executing command &quot;sudo -u agens &quot;/usr/agens/ags-15/bin/psql&quot; -d agensdb -U agens -p 5450 -c &quot;checkpoint;&quot;&quot;..
[INFO] Executing command &quot;sudo -u agens &quot;/usr/agens/ags-15/bin/pg_basebackup&quot; -p 5450 -Fp -Xs -D &quot;/var/lib/agens/data_dir_5450_backup&quot;&quot;..
[INFO] Executing command &quot;sudo -u agens &quot;/usr/agens/ags-15/bin/pg_verifybackup&quot; &quot;/var/lib/agens/data_dir_5450_backup&quot; -e --data-encryption --key-unwrap-command='openssl enc -d -aria-256-cbc -pbkdf2 -in &quot;%p&quot; -pass pass:test' --file-encryption-method=AES128 --key-directory=/var/lib/agens/data_dir_5450_backup&quot;..
[INFO] Executing command &quot;rm -rf &quot;/var/lib/agens/data_dir_5450_backup&quot;&quot;..
[INFO] Stopping service at port 5450 for data directory /var/lib/agens/data_dir_5450
[INFO] Executing command &quot;sudo -u agens  &quot;/usr/agens/ags-15/bin/pg_ctl&quot; stop -w -D &quot;/var/lib/agens/data_dir_5450&quot; -o &quot;-p 5450&quot;&quot;..
[INFO] Stop service command returned 0
[INFO] Removing folder /var/lib/agens/data_dir_5450
[INFO] Executing command &quot;rm -rf &quot;/var/lib/agens/data_dir_5450&quot;&quot;..
[INFO] Remove folder command returned 0
</system-out>
    </testcase>
    <testcase classname="server.ags.tests.tde_test.AGSTestTDE" name="test_tde_5_4_pg_utility_pg_verify_backup_with_no_key_wrap" time="3.624">
      <system-out>test_tde_5_4_pg_utility_pg_verify_backup_with_no_key_wrap

commands_output
[2025-09-03T02:06:53.703595] Command: &quot;/usr/agens/ags-15/bin/psql&quot; -d agensdb -U agens -p 5445 -f &quot;/usr/agens/ags-15/share/agens-sample.sql&quot;
Return Code: 0
STDOUT:
SET
SET
BEGIN
CREATE TABLE
CREATE TABLE
CREATE TABLE
CREATE VIEW
CREATE SEQUENCE
GRANT
GRANT
GRANT
GRANT
GRANT
INSERT 0 1
INSERT 0 1
INSERT 0 1
INSERT 0 1
INSERT 0 1
INSERT 0 1
INSERT 0 1
INSERT 0 1
INSERT 0 1
INSERT 0 1
INSERT 0 1
INSERT 0 1
INSERT 0 1
INSERT 0 1
INSERT 0 1
INSERT 0 1
INSERT 0 1
INSERT 0 1
INSERT 0 1
INSERT 0 1
INSERT 0 1
INSERT 0 1
INSERT 0 1
INSERT 0 1
INSERT 0 1
INSERT 0 1
INSERT 0 1
INSERT 0 1
INSERT 0 1
INSERT 0 1
INSERT 0 1
INSERT 0 1
INSERT 0 1
INSERT 0 1
INSERT 0 1
ANALYZE
ANALYZE
ANALYZE
CREATE PROCEDURE
CREATE PROCEDURE
CREATE FUNCTION
CREATE FUNCTION
CREATE FUNCTION
CREATE FUNCTION
CREATE RULE
CREATE RULE
CREATE RULE
COMMIT
--------------------------------------------------
commands_output
[2025-09-03T02:06:53.816838] Command: sudo -u agens &quot;/usr/agens/ags-15/bin/psql&quot; -d agensdb -U agens -p 5445 -c &quot;checkpoint;&quot;
Return Code: 0
STDOUT:
CHECKPOINT
--------------------------------------------------
commands_output
[2025-09-03T02:06:54.865131] Command: sudo -u agens &quot;/usr/agens/ags-15/bin/pg_basebackup&quot; -p 5445 -Fp -Xs -D &quot;/var/lib/agens/data_dir_5445_backup&quot;
Return Code: 0
--------------------------------------------------
commands_output
[2025-09-03T02:06:55.034165] Command: sudo -u agens &quot;/usr/agens/ags-15/bin/pg_verifybackup&quot; &quot;/var/lib/agens/data_dir_5445_backup&quot; -e --data-encryption --key-unwrap-command=- --file-encryption-method=AES128 --key-directory=/var/lib/agens/data_dir_5445_backup
Return Code: 0
STDOUT:
backup successfully verified
STDERR:
pg_waldump: starting up cluster file encryption manager
--------------------------------------------------
commands_output
[2025-09-03T02:06:55.091690] Command: rm -rf &quot;/var/lib/agens/data_dir_5445_backup&quot;
Return Code: 0
--------------------------------------------------
[DEBUG] Executing service command: sudo systemctl status ags-15
[INFO] Executing command &quot;sudo systemctl status ags-15&quot;..
[INFO] Initializing Database cluster to /var/lib/agens/data_dir_5445
[INFO] Executing command &quot;sudo -u agens &quot;/usr/agens/ags-15/bin/initdb&quot; -D &quot;/var/lib/agens/data_dir_5445&quot; -U agens -y --no-key-wrap&quot;..
[INFO] Executing command &quot;sudo -u agens &quot;/usr/agens/ags-15/bin/pg_ctl&quot; -U agens -D &quot;/var/lib/agens/data_dir_5445&quot; -o &quot;-p 5445&quot; -w start&quot;..
[INFO] Executing command &quot;&quot;/usr/agens/ags-15/bin/psql&quot; -d agensdb -U agens -p 5445 -f &quot;/usr/agens/ags-15/share/agens-sample.sql&quot;&quot;..
[INFO] Executing command &quot;sudo -u agens &quot;/usr/agens/ags-15/bin/psql&quot; -d agensdb -U agens -p 5445 -c &quot;checkpoint;&quot;&quot;..
[INFO] Executing command &quot;sudo -u agens &quot;/usr/agens/ags-15/bin/pg_basebackup&quot; -p 5445 -Fp -Xs -D &quot;/var/lib/agens/data_dir_5445_backup&quot;&quot;..
[INFO] Executing command &quot;sudo -u agens &quot;/usr/agens/ags-15/bin/pg_verifybackup&quot; &quot;/var/lib/agens/data_dir_5445_backup&quot; -e --data-encryption --key-unwrap-command=- --file-encryption-method=AES128 --key-directory=/var/lib/agens/data_dir_5445_backup&quot;..
[INFO] Executing command &quot;rm -rf &quot;/var/lib/agens/data_dir_5445_backup&quot;&quot;..
[INFO] Stopping service at port 5445 for data directory /var/lib/agens/data_dir_5445
[INFO] Executing command &quot;sudo -u agens  &quot;/usr/agens/ags-15/bin/pg_ctl&quot; stop -w -D &quot;/var/lib/agens/data_dir_5445&quot; -o &quot;-p 5445&quot;&quot;..
[INFO] Stop service command returned 0
[INFO] Removing folder /var/lib/agens/data_dir_5445
[INFO] Executing command &quot;rm -rf &quot;/var/lib/agens/data_dir_5445&quot;&quot;..
[INFO] Remove folder command returned 0

commands_output
[2025-09-03T02:06:53.703595] Command: &quot;/usr/agens/ags-15/bin/psql&quot; -d agensdb -U agens -p 5445 -f &quot;/usr/agens/ags-15/share/agens-sample.sql&quot;
Return Code: 0
STDOUT:
SET
SET
BEGIN
CREATE TABLE
CREATE TABLE
CREATE TABLE
CREATE VIEW
CREATE SEQUENCE
GRANT
GRANT
GRANT
GRANT
GRANT
INSERT 0 1
INSERT 0 1
INSERT 0 1
INSERT 0 1
INSERT 0 1
INSERT 0 1
INSERT 0 1
INSERT 0 1
INSERT 0 1
INSERT 0 1
INSERT 0 1
INSERT 0 1
INSERT 0 1
INSERT 0 1
INSERT 0 1
INSERT 0 1
INSERT 0 1
INSERT 0 1
INSERT 0 1
INSERT 0 1
INSERT 0 1
INSERT 0 1
INSERT 0 1
INSERT 0 1
INSERT 0 1
INSERT 0 1
INSERT 0 1
INSERT 0 1
INSERT 0 1
INSERT 0 1
INSERT 0 1
INSERT 0 1
INSERT 0 1
INSERT 0 1
INSERT 0 1
ANALYZE
ANALYZE
ANALYZE
CREATE PROCEDURE
CREATE PROCEDURE
CREATE FUNCTION
CREATE FUNCTION
CREATE FUNCTION
CREATE FUNCTION
CREATE RULE
CREATE RULE
CREATE RULE
COMMIT
--------------------------------------------------
commands_output
[2025-09-03T02:06:53.816838] Command: sudo -u agens &quot;/usr/agens/ags-15/bin/psql&quot; -d agensdb -U agens -p 5445 -c &quot;checkpoint;&quot;
Return Code: 0
STDOUT:
CHECKPOINT
--------------------------------------------------
commands_output
[2025-09-03T02:06:54.865131] Command: sudo -u agens &quot;/usr/agens/ags-15/bin/pg_basebackup&quot; -p 5445 -Fp -Xs -D &quot;/var/lib/agens/data_dir_5445_backup&quot;
Return Code: 0
--------------------------------------------------
commands_output
[2025-09-03T02:06:55.034165] Command: sudo -u agens &quot;/usr/agens/ags-15/bin/pg_verifybackup&quot; &quot;/var/lib/agens/data_dir_5445_backup&quot; -e --data-encryption --key-unwrap-command=- --file-encryption-method=AES128 --key-directory=/var/lib/agens/data_dir_5445_backup
Return Code: 0
STDOUT:
backup successfully verified
STDERR:
pg_waldump: starting up cluster file encryption manager
--------------------------------------------------
commands_output
[2025-09-03T02:06:55.091690] Command: rm -rf &quot;/var/lib/agens/data_dir_5445_backup&quot;
Return Code: 0
--------------------------------------------------
[DEBUG] Executing service command: sudo systemctl status ags-15
[INFO] Executing command &quot;sudo systemctl status ags-15&quot;..
[INFO] Initializing Database cluster to /var/lib/agens/data_dir_5445
[INFO] Executing command &quot;sudo -u agens &quot;/usr/agens/ags-15/bin/initdb&quot; -D &quot;/var/lib/agens/data_dir_5445&quot; -U agens -y --no-key-wrap&quot;..
[INFO] Executing command &quot;sudo -u agens &quot;/usr/agens/ags-15/bin/pg_ctl&quot; -U agens -D &quot;/var/lib/agens/data_dir_5445&quot; -o &quot;-p 5445&quot; -w start&quot;..
[INFO] Executing command &quot;&quot;/usr/agens/ags-15/bin/psql&quot; -d agensdb -U agens -p 5445 -f &quot;/usr/agens/ags-15/share/agens-sample.sql&quot;&quot;..
[INFO] Executing command &quot;sudo -u agens &quot;/usr/agens/ags-15/bin/psql&quot; -d agensdb -U agens -p 5445 -c &quot;checkpoint;&quot;&quot;..
[INFO] Executing command &quot;sudo -u agens &quot;/usr/agens/ags-15/bin/pg_basebackup&quot; -p 5445 -Fp -Xs -D &quot;/var/lib/agens/data_dir_5445_backup&quot;&quot;..
[INFO] Executing command &quot;sudo -u agens &quot;/usr/agens/ags-15/bin/pg_verifybackup&quot; &quot;/var/lib/agens/data_dir_5445_backup&quot; -e --data-encryption --key-unwrap-command=- --file-encryption-method=AES128 --key-directory=/var/lib/agens/data_dir_5445_backup&quot;..
[INFO] Executing command &quot;rm -rf &quot;/var/lib/agens/data_dir_5445_backup&quot;&quot;..
[INFO] Stopping service at port 5445 for data directory /var/lib/agens/data_dir_5445
[INFO] Executing command &quot;sudo -u agens  &quot;/usr/agens/ags-15/bin/pg_ctl&quot; stop -w -D &quot;/var/lib/agens/data_dir_5445&quot; -o &quot;-p 5445&quot;&quot;..
[INFO] Stop service command returned 0
[INFO] Removing folder /var/lib/agens/data_dir_5445
[INFO] Executing command &quot;rm -rf &quot;/var/lib/agens/data_dir_5445&quot;&quot;..
[INFO] Remove folder command returned 0

commands_output
[2025-09-03T02:06:53.703595] Command: &quot;/usr/agens/ags-15/bin/psql&quot; -d agensdb -U agens -p 5445 -f &quot;/usr/agens/ags-15/share/agens-sample.sql&quot;
Return Code: 0
STDOUT:
SET
SET
BEGIN
CREATE TABLE
CREATE TABLE
CREATE TABLE
CREATE VIEW
CREATE SEQUENCE
GRANT
GRANT
GRANT
GRANT
GRANT
INSERT 0 1
INSERT 0 1
INSERT 0 1
INSERT 0 1
INSERT 0 1
INSERT 0 1
INSERT 0 1
INSERT 0 1
INSERT 0 1
INSERT 0 1
INSERT 0 1
INSERT 0 1
INSERT 0 1
INSERT 0 1
INSERT 0 1
INSERT 0 1
INSERT 0 1
INSERT 0 1
INSERT 0 1
INSERT 0 1
INSERT 0 1
INSERT 0 1
INSERT 0 1
INSERT 0 1
INSERT 0 1
INSERT 0 1
INSERT 0 1
INSERT 0 1
INSERT 0 1
INSERT 0 1
INSERT 0 1
INSERT 0 1
INSERT 0 1
INSERT 0 1
INSERT 0 1
ANALYZE
ANALYZE
ANALYZE
CREATE PROCEDURE
CREATE PROCEDURE
CREATE FUNCTION
CREATE FUNCTION
CREATE FUNCTION
CREATE FUNCTION
CREATE RULE
CREATE RULE
CREATE RULE
COMMIT
--------------------------------------------------
commands_output
[2025-09-03T02:06:53.816838] Command: sudo -u agens &quot;/usr/agens/ags-15/bin/psql&quot; -d agensdb -U agens -p 5445 -c &quot;checkpoint;&quot;
Return Code: 0
STDOUT:
CHECKPOINT
--------------------------------------------------
commands_output
[2025-09-03T02:06:54.865131] Command: sudo -u agens &quot;/usr/agens/ags-15/bin/pg_basebackup&quot; -p 5445 -Fp -Xs -D &quot;/var/lib/agens/data_dir_5445_backup&quot;
Return Code: 0
--------------------------------------------------
commands_output
[2025-09-03T02:06:55.034165] Command: sudo -u agens &quot;/usr/agens/ags-15/bin/pg_verifybackup&quot; &quot;/var/lib/agens/data_dir_5445_backup&quot; -e --data-encryption --key-unwrap-command=- --file-encryption-method=AES128 --key-directory=/var/lib/agens/data_dir_5445_backup
Return Code: 0
STDOUT:
backup successfully verified
STDERR:
pg_waldump: starting up cluster file encryption manager
--------------------------------------------------
commands_output
[2025-09-03T02:06:55.091690] Command: rm -rf &quot;/var/lib/agens/data_dir_5445_backup&quot;
Return Code: 0
--------------------------------------------------
[DEBUG] Executing service command: sudo systemctl status ags-15
[INFO] Executing command &quot;sudo systemctl status ags-15&quot;..
[INFO] Initializing Database cluster to /var/lib/agens/data_dir_5445
[INFO] Executing command &quot;sudo -u agens &quot;/usr/agens/ags-15/bin/initdb&quot; -D &quot;/var/lib/agens/data_dir_5445&quot; -U agens -y --no-key-wrap&quot;..
[INFO] Executing command &quot;sudo -u agens &quot;/usr/agens/ags-15/bin/pg_ctl&quot; -U agens -D &quot;/var/lib/agens/data_dir_5445&quot; -o &quot;-p 5445&quot; -w start&quot;..
[INFO] Executing command &quot;&quot;/usr/agens/ags-15/bin/psql&quot; -d agensdb -U agens -p 5445 -f &quot;/usr/agens/ags-15/share/agens-sample.sql&quot;&quot;..
[INFO] Executing command &quot;sudo -u agens &quot;/usr/agens/ags-15/bin/psql&quot; -d agensdb -U agens -p 5445 -c &quot;checkpoint;&quot;&quot;..
[INFO] Executing command &quot;sudo -u agens &quot;/usr/agens/ags-15/bin/pg_basebackup&quot; -p 5445 -Fp -Xs -D &quot;/var/lib/agens/data_dir_5445_backup&quot;&quot;..
[INFO] Executing command &quot;sudo -u agens &quot;/usr/agens/ags-15/bin/pg_verifybackup&quot; &quot;/var/lib/agens/data_dir_5445_backup&quot; -e --data-encryption --key-unwrap-command=- --file-encryption-method=AES128 --key-directory=/var/lib/agens/data_dir_5445_backup&quot;..
[INFO] Executing command &quot;rm -rf &quot;/var/lib/agens/data_dir_5445_backup&quot;&quot;..
[INFO] Stopping service at port 5445 for data directory /var/lib/agens/data_dir_5445
[INFO] Executing command &quot;sudo -u agens  &quot;/usr/agens/ags-15/bin/pg_ctl&quot; stop -w -D &quot;/var/lib/agens/data_dir_5445&quot; -o &quot;-p 5445&quot;&quot;..
[INFO] Stop service command returned 0
[INFO] Removing folder /var/lib/agens/data_dir_5445
[INFO] Executing command &quot;rm -rf &quot;/var/lib/agens/data_dir_5445&quot;&quot;..
[INFO] Remove folder command returned 0
</system-out>
    </testcase>
  </testsuite>
</testsuites>
