<?xml version="1.0" encoding="utf-8"?><testsuites name="pytest tests"><testsuite name="pytest" errors="0" failures="0" skipped="0" tests="28" time="0.089" timestamp="2026-01-31T09:53:51.704794+09:00" hostname="MacBookPro_M2"><testcase classname="tests.test_btc_filter" name="test_btc_filter_equivalence" file="tests/test_btc_filter.py" line="14" time="0.000"><properties><property name="Description" value="BTC 급등 필터 계산 결과 일치 검증" /><property name="Step" value="1. BTC 15m 캔들 스냅샷을 고정한다 | 2. btc_up 및 block_new_entry를 계산한다 | 3. 결과 타입과 동작을 확인한다" /><property name="ExpectedResult" value="block_new_entry가 bool이며 계산 흐름이 정상 동작한다" /><property name="ActualResult" value="btc_up=0.6013, block_new_entry=True" /></properties></testcase><testcase classname="tests.test_config" name="test_apply_settings_updates_globals" file="tests/test_config.py" line="6" time="0.000"><properties><property name="Description" value="apply_settings가 전역 설정을 갱신하는지 검증" /><property name="Step" value="1. 임의 BotSettings 객체를 만든다 | 2. apply_settings로 주입한다 | 3. 전역 값이 갱신됐는지 확인한다" /><property name="ExpectedResult" value="전역 변수 값이 BotSettings와 일치한다" /><property name="ActualResult" value="PASS" /></properties></testcase><testcase classname="tests.test_config" name="test_reload_settings_from_env_reads_mock_flags" file="tests/test_config.py" line="42" time="0.000"><properties><property name="Description" value="reload_settings_from_env가 MOCK 설정을 반영하는지 검증" /><property name="Step" value="1. MOCK_HTTP/SCENARIO 환경 변수를 주입한다 | 2. reload_settings_from_env를 호출한다 | 3. 전역 값과 반환 객체를 확인한다" /><property name="ExpectedResult" value="MOCK 관련 값이 반영된다" /><property name="ActualResult" value="PASS" /></properties></testcase><testcase classname="tests.test_csv_log" name="test_init_log_file_creates_header" file="tests/test_csv_log.py" line="7" time="0.002"><properties><property name="Description" value="init_log_file이 CSV 헤더를 생성하는지 검증" /><property name="Step" value="1. 임시 경로에 로그 파일을 지정한다 | 2. init_log_file을 호출한다 | 3. 첫 행(헤더)을 읽어 비교한다" /><property name="ExpectedResult" value="정의된 헤더 컬럼 순서가 정확히 생성된다" /><property name="ActualResult" value="PASS" /></properties></testcase><testcase classname="tests.test_csv_log" name="test_write_trade_log_appends_row" file="tests/test_csv_log.py" line="38" time="0.001"><properties><property name="Description" value="write_trade_log가 행을 정상적으로 추가하는지 검증" /><property name="Step" value="1. 임시 로그 파일에 헤더를 만든다 | 2. write_trade_log로 한 줄을 기록한다 | 3. CSV 두 번째 행 값을 확인한다" /><property name="ExpectedResult" value="기록된 값이 포맷 규칙에 맞게 저장된다" /><property name="ActualResult" value="PASS" /></properties></testcase><testcase classname="tests.test_env_config" name="test_env_to_settings_and_config" file="tests/test_env_config.py" line="10" time="0.000"><properties><property name="Description" value=".env 값이 BotSettings와 config 전역 변수로 정상 반영되는지 확인" /><property name="Step" value="1. 환경 변수를 테스트 값으로 주입한다 | 2. BotSettings.from_env()로 설정 객체를 생성한다 | 3. config.apply_settings()로 전역 값에 반영한다" /><property name="ExpectedResult" value="BotSettings와 config 전역 값이 동일한 기대값을 가진다" /><property name="ActualResult" value="PASS" /></properties></testcase><testcase classname="tests.test_env_config" name="test_env_bool_parsing[1-True]" file="tests/test_env_config.py" line="64" time="0.000"><properties><property name="Description" value="불리언 환경 변수 파싱 규칙 확인" /><property name="Step" value="1. DRY_RUN 환경 변수를 다양한 문자열로 설정한다 | 2. BotSettings.from_env()를 호출한다" /><property name="ExpectedResult" value="허용된 true 문자열만 True로 해석된다" /><property name="ActualResult" value="PASS" /></properties></testcase><testcase classname="tests.test_env_config" name="test_env_bool_parsing[true-True]" file="tests/test_env_config.py" line="64" time="0.000"><properties><property name="Description" value="불리언 환경 변수 파싱 규칙 확인" /><property name="Step" value="1. DRY_RUN 환경 변수를 다양한 문자열로 설정한다 | 2. BotSettings.from_env()를 호출한다" /><property name="ExpectedResult" value="허용된 true 문자열만 True로 해석된다" /><property name="ActualResult" value="PASS" /></properties></testcase><testcase classname="tests.test_env_config" name="test_env_bool_parsing[yes-True]" file="tests/test_env_config.py" line="64" time="0.000"><properties><property name="Description" value="불리언 환경 변수 파싱 규칙 확인" /><property name="Step" value="1. DRY_RUN 환경 변수를 다양한 문자열로 설정한다 | 2. BotSettings.from_env()를 호출한다" /><property name="ExpectedResult" value="허용된 true 문자열만 True로 해석된다" /><property name="ActualResult" value="PASS" /></properties></testcase><testcase classname="tests.test_env_config" name="test_env_bool_parsing[on-True]" file="tests/test_env_config.py" line="64" time="0.000"><properties><property name="Description" value="불리언 환경 변수 파싱 규칙 확인" /><property name="Step" value="1. DRY_RUN 환경 변수를 다양한 문자열로 설정한다 | 2. BotSettings.from_env()를 호출한다" /><property name="ExpectedResult" value="허용된 true 문자열만 True로 해석된다" /><property name="ActualResult" value="PASS" /></properties></testcase><testcase classname="tests.test_env_config" name="test_env_bool_parsing[0-False]" file="tests/test_env_config.py" line="64" time="0.000"><properties><property name="Description" value="불리언 환경 변수 파싱 규칙 확인" /><property name="Step" value="1. DRY_RUN 환경 변수를 다양한 문자열로 설정한다 | 2. BotSettings.from_env()를 호출한다" /><property name="ExpectedResult" value="허용된 true 문자열만 True로 해석된다" /><property name="ActualResult" value="PASS" /></properties></testcase><testcase classname="tests.test_env_config" name="test_env_bool_parsing[false-False]" file="tests/test_env_config.py" line="64" time="0.000"><properties><property name="Description" value="불리언 환경 변수 파싱 규칙 확인" /><property name="Step" value="1. DRY_RUN 환경 변수를 다양한 문자열로 설정한다 | 2. BotSettings.from_env()를 호출한다" /><property name="ExpectedResult" value="허용된 true 문자열만 True로 해석된다" /><property name="ActualResult" value="PASS" /></properties></testcase><testcase classname="tests.test_env_config" name="test_env_bool_parsing[off-False]" file="tests/test_env_config.py" line="64" time="0.000"><properties><property name="Description" value="불리언 환경 변수 파싱 규칙 확인" /><property name="Step" value="1. DRY_RUN 환경 변수를 다양한 문자열로 설정한다 | 2. BotSettings.from_env()를 호출한다" /><property name="ExpectedResult" value="허용된 true 문자열만 True로 해석된다" /><property name="ActualResult" value="PASS" /></properties></testcase><testcase classname="tests.test_env_config" name="test_env_bool_parsing[-False]" file="tests/test_env_config.py" line="64" time="0.000"><properties><property name="Description" value="불리언 환경 변수 파싱 규칙 확인" /><property name="Step" value="1. DRY_RUN 환경 변수를 다양한 문자열로 설정한다 | 2. BotSettings.from_env()를 호출한다" /><property name="ExpectedResult" value="허용된 true 문자열만 True로 해석된다" /><property name="ActualResult" value="PASS" /></properties></testcase><testcase classname="tests.test_env_config" name="test_reload_settings_from_env" file="tests/test_env_config.py" line="100" time="0.000"><properties><property name="Description" value="reload_settings_from_env()가 환경 변수 변경을 즉시 반영하는지 확인" /><property name="Step" value="1. 환경 변수를 테스트 값으로 주입한다 | 2. reload_settings_from_env()를 호출한다 | 3. config 전역 값이 변경되었는지 확인한다" /><property name="ExpectedResult" value="config 전역 값과 반환된 BotSettings가 변경된 값으로 갱신된다" /><property name="ActualResult" value="PASS" /></properties></testcase><testcase classname="tests.test_http_client" name="test_send_public_uses_mock" file="tests/test_http_client.py" line="6" time="0.000"><properties><property name="Description" value="send_public이 MOCK_HTTP 경로를 사용하는지 검증" /><property name="Step" value="1. MOCK_HTTP/DRY_RUN을 활성화한다 | 2. send_public을 호출한다 | 3. 모의 응답을 확인한다" /><property name="ExpectedResult" value="실제 HTTP 호출 없이 모의 데이터가 반환된다" /><property name="ActualResult" value="PASS" /></properties></testcase><testcase classname="tests.test_http_client" name="test_send_signed_mock_requires_dry_run" file="tests/test_http_client.py" line="25" time="0.000"><properties><property name="Description" value="MOCK_HTTP는 DRY_RUN에서만 허용되는지 검증" /><property name="Step" value="1. MOCK_HTTP=true, DRY_RUN=false로 설정한다 | 2. send_public 호출 시 예외를 확인한다" /><property name="ExpectedResult" value="RuntimeError가 발생한다" /><property name="ActualResult" value="PASS" /></properties></testcase><testcase classname="tests.test_http_client" name="test_send_signed_falls_back_to_mock_when_no_keys_and_dry_run" file="tests/test_http_client.py" line="42" time="0.000"><properties><property name="Description" value="키가 없고 DRY_RUN일 때 send_signed가 모의 응답으로 폴백되는지 검증" /><property name="Step" value="1. API 키/시크릿을 비운다 | 2. DRY_RUN=true로 설정한다 | 3. send_signed 결과를 확인한다" /><property name="ExpectedResult" value="계정 모의 응답 데이터가 반환된다" /><property name="ActualResult" value="PASS" /></properties></testcase><testcase classname="tests.test_logging_utils" name="test_log_calls_hook" file="tests/test_logging_utils.py" line="5" time="0.000"><properties><property name="Description" value="log가 훅을 호출하는지 검증" /><property name="Step" value="1. 로그 훅을 설정한다 | 2. 로그 함수를 호출한다 | 3. 훅에서 수신한 라인을 확인한다" /><property name="ExpectedResult" value="훅이 호출되고 메시지가 포함된다" /><property name="ActualResult" value="PASS" /></properties></testcase><testcase classname="tests.test_logging_utils" name="test_color_pct_formats" file="tests/test_logging_utils.py" line="29" time="0.000"><properties><property name="Description" value="color_pct 출력 포맷 검증" /><property name="Step" value="1. None/0/양수/음수 입력을 전달한다 | 2. 반환 문자열을 확인한다" /><property name="ExpectedResult" value="N/A 및 부호 포함 퍼센트 문자열이 반환된다" /><property name="ActualResult" value="PASS" /></properties></testcase><testcase classname="tests.test_orders" name="test_order_decisions_equivalence" file="tests/test_orders.py" line="15" time="0.001"><properties><property name="Description" value="DRY_RUN 주문 결정 로직의 기록 파라미터 일치 검증" /><property name="Step" value="1. exchangeInfo/mark price 스냅샷을 고정한다 | 2. 주문 관련 부작용을 목으로 치환한다 | 3. place_short_with_tp 호출 결과를 캡처한다" /><property name="ExpectedResult" value="write_trade_log 파라미터가 기대 심볼을 포함한다" /><property name="ActualResult" value="captured_keys=['entry_price', 'equity', 'event', 'filename', 'message', 'notional', 'qty', 'side', 'symbol', 'tp_price'], symbol=BTCUSDT" /></properties></testcase><testcase classname="tests.test_signals" name="test_signals_equivalence" file="tests/test_signals.py" line="15" time="0.001"><properties><property name="Description" value="ComboA 신호 생성 결과 일치 검증" /><property name="Step" value="1. 24h 티커/15m 캔들 스냅샷을 고정한다 | 2. 필터 임계치를 완화한다 | 3. build_short_signals 결과를 확인한다" /><property name="ExpectedResult" value="모든 스냅샷 심볼이 숏 후보로 포함된다" /><property name="ActualResult" value="signals_out=['BTCUSDT', 'ETHUSDT', 'XRPUSDT']" /></properties></testcase><testcase classname="tests.test_smoke" name="test_import_package" file="tests/test_smoke.py" line="3" time="0.000"><properties><property name="Description" value="패키지 임포트 스모크 테스트" /><property name="Step" value="1. app 패키지를 임포트한다" /><property name="ExpectedResult" value="임포트가 에러 없이 성공한다" /><property name="ActualResult" value="PASS" /></properties></testcase><testcase classname="tests.test_soft_repair" name="test_soft_repair_equivalence" file="tests/test_soft_repair.py" line="15" time="0.001"><properties><property name="Description" value="Soft Repair 예산 업데이트 흐름 검증" /><property name="Step" value="1. 포지션/거래소 스냅샷을 고정한다 | 2. DRY_RUN 및 최소 기준 값을 설정한다 | 3. handle_soft_repair를 호출한다" /><property name="ExpectedResult" value="REPAIR_POOL이 정상 범위로 업데이트된다" /><property name="ActualResult" value="REPAIR_POOL=5.0000" /></properties></testcase><testcase classname="tests.test_step3_modules" name="test_data_fetches_call_http_clients" file="tests/test_step3_modules.py" line="6" time="0.000"><properties><property name="Description" value="data 모듈이 HTTP 클라이언트를 올바르게 호출하는지 검증" /><property name="Step" value="1. public/signed 호출을 목으로 교체한다 | 2. 각 fetch 함수 결과를 호출한다 | 3. 리턴값과 호출 흐름을 검증한다" /><property name="ExpectedResult" value="각 데이터 함수가 예상 데이터로 변환되어 반환된다" /><property name="ActualResult" value="tickers=[{'symbol': 'BTCUSDT'}], exchange_info={'symbols': []}, klines=[[0, 1, 2, 3, 4, 5]], positions=[], balance=100.0, mark=123.45, equity=105.0, wallet=100.0, unpl_pct=5.0" /></properties></testcase><testcase classname="tests.test_step3_modules" name="test_universe_builds_meta_and_filters" file="tests/test_step3_modules.py" line="66" time="0.000"><properties><property name="Description" value="universe 메타 생성 및 필터링 로직 검증" /><property name="Step" value="1. exchangeInfo를 목으로 고정한다 | 2. tradable 심볼과 메타를 생성한다 | 3. USDT 필터 결과를 확인한다" /><property name="ExpectedResult" value="필터 결과가 기대 심볼만 포함한다" /><property name="ActualResult" value="tradable=['AAAUSDT', 'BUSDUSDT'], filtered=['AAAUSDT']" /></properties></testcase><testcase classname="tests.test_step3_modules" name="test_signals_compute_and_snapshot" file="tests/test_step3_modules.py" line="139" time="0.000"><properties><property name="Description" value="signals 계산 및 BTC 스냅샷 생성 검증" /><property name="Step" value="1. klines 및 24h ticker 응답을 목으로 고정한다 | 2. MTF 수익률 계산 결과를 확인한다 | 3. BTC 스냅샷 필드를 확인한다" /><property name="ExpectedResult" value="MTF/스냅샷 결과에 필요한 필드가 모두 채워진다" /><property name="ActualResult" value="mtf_keys=['ret_12h', 'ret_15m', 'ret_2h', 'ret_6h', 'symbol'], snap={ret_24h:-1.0}" /></properties></testcase><testcase classname="tests.test_universe" name="test_universe_filter_equivalence" file="tests/test_universe.py" line="13" time="0.001"><properties><property name="Description" value="유니버스 필터 결과 일치 검증" /><property name="Step" value="1. 24h 티커/교환정보 스냅샷을 고정한다 | 2. tradable 심볼 목록을 만든다 | 3. filter_usdt_symbols 결과를 확인한다" /><property name="ExpectedResult" value="스냅샷 기준 심볼 리스트가 일치한다" /><property name="ActualResult" value="symbols=['BTCUSDT', 'ETHUSDT', 'XRPUSDT']" /></properties></testcase></testsuite></testsuites>