<?xml version="1.0" ?>
<testsuites name="sample_testsuite" tests="3" errors="0" failures="1" skipped="0" time="0.006">
  <testsuite name="sample" tests="3" errors="0" failures="1" skipped="0" time="0.006" timestamp="2025-09-03T10:59:58.347144">
    <testcase name="test_a_failure" classname="extensions.sample.tests.sample_test.SampleTest" time="0.000">
      <failure type="Failure" message="Traceback (most recent call last):
  File &quot;/Users/dicky/kmdata/git/skai/TAF/extensions/sample/tests/sample_test.py&quot;, line 17, in test_a_failure
    self.assertEqual(1, 2, &quot;This is a sample failure&quot;)
AssertionError: 1 != 2 : This is a sample failure
"/>
    </testcase>
    <testcase name="test_simple_success" classname="extensions.sample.tests.sample_test.SampleTest" time="0.000">
      <system-out>test_simple_success
</system-out>
    </testcase>
    <testcase name="test_successful_command" classname="extensions.sample.tests.sample_test.SampleTest" time="0.005">
      <system-out>test_successful_command

commands_output
[2025-09-03T10:59:58.346882] Command: echo &quot;Hello from SampleTest&quot;
Return Code: 0
STDOUT:
Hello from SampleTest
--------------------------------------------------
[INFO] Executing command &quot;echo &quot;Hello from SampleTest&quot;&quot;..

commands_output
[2025-09-03T10:59:58.346882] Command: echo &quot;Hello from SampleTest&quot;
Return Code: 0
STDOUT:
Hello from SampleTest
--------------------------------------------------
[INFO] Executing command &quot;echo &quot;Hello from SampleTest&quot;&quot;..

commands_output
[2025-09-03T10:59:58.346882] Command: echo &quot;Hello from SampleTest&quot;
Return Code: 0
STDOUT:
Hello from SampleTest
--------------------------------------------------
[INFO] Executing command &quot;echo &quot;Hello from SampleTest&quot;&quot;..
</system-out>
    </testcase>
  </testsuite>
</testsuites>
