<?xml version="1.0" ?>
<testsuites errors="0" failures="1" name="ags_testsuite" skipped="0" tests="1" time="0.902">
  <testsuite errors="0" failures="1" name="ags" skipped="0" tests="1" time="0.902" timestamp="2025-09-02T07:00:57.541075">
    <testcase classname="AGSTestBaseServer" name="test_2_2_psql_version" time="0.0">
      <failure message="Traceback (most recent call last):
  File &quot;/workspace/TAF/server/ags/tests/baseServer_test.py&quot;, line 90, in test_2_2_psql_version
    self.psql_version_test()
  File &quot;/workspace/TAF/server/ags/tests/baseServer_test.py&quot;, line 438, in psql_version_test
    self.assertTrue(isTrue, &quot;Version Doesn't Match&quot;)
AssertionError: False is not true : Version Doesn't Match
" type="Failure"/>
      <system-out>[2025-09-02T07:00:57.536979] Command: sudo -u agens &quot;/usr/agens/ags-15/bin/psql&quot; -p 5333 -d agensdb -U agens -c &quot;SELECT version();&quot;
Return Code: 0
STDOUT:
version                                                             
---------------------------------------------------------------------------------------------------------------------------------
 PostgreSQL 15.12 (AgensSQL EE 2.15.3.0) on x86_64-pc-linux-gnu, compiled by gcc (GCC) 8.5.0 20210514 (Red Hat 8.5.0-26), 64-bit
(1 row)
--------------------------------------------------</system-out>
    </testcase>
    <testcase classname="ags" name="test_0_initialize_db_cluster" time="0.0"/>
    <testcase classname="ags" name="test_1_1_enable_service" time="0.0"/>
    <testcase classname="ags" name="test_1_2_start_stop_restart_service" time="0.0"/>
    <testcase classname="ags" name="test_1_3_reload_service" time="0.0"/>
    <testcase classname="ags" name="test_1_4_bitlic_file_verification" time="0.0"/>
    <testcase classname="ags" name="test_2_1_psql_connectivity" time="0.0"/>
    <testcase classname="ags" name="test_3_1_server_extensions" time="0.0"/>
    <testcase classname="ags" name="test_3_2_agens_crypto_extension" time="0.0"/>
    <testcase classname="ags" name="test_4_3_create_package" time="0.0"/>
    <testcase classname="ags" name="test_5_1_1_pg_utilities_check_create_db" time="0.0"/>
    <testcase classname="ags" name="test_5_1_2_check_pg_dump_and_pg_restore" time="0.0"/>
    <testcase classname="ags" name="test_5_1_3_check_pg_dumpall" time="0.0"/>
    <testcase classname="ags" name="test_5_1_3_pg_utilities_check_drop_db" time="0.0"/>
    <testcase classname="ags" name="test_5_2_1_pg_utilities_check_create_user" time="0.0"/>
    <testcase classname="ags" name="test_5_2_2_pg_utilities_check_drop_user" time="0.0"/>
    <testcase classname="ags" name="test_5_3_pg_utilities_pg_upgrade" time="0.0"/>
    <testcase classname="ags" name="test_6_1_test_postgres_compatible_mode" time="0.0"/>
    <testcase classname="ags" name="test_binaries_stripped_status" time="0.0"/>
    <testcase classname="ags" name="test_binaries_version" time="0.0"/>
    <testcase classname="ags" name="test_bundled_ssl_version" time="0.0"/>
    <testcase classname="ags" name="test_check_license_files" time="0.0"/>
    <testcase classname="ags" name="test_files" time="0.0"/>
    <testcase classname="ags" name="test_libpq_version" time="0.0"/>
    <testcase classname="ags" name="test_missing_dependencies" time="0.0"/>
    <testcase classname="ags" name="test_verify_permissions" time="0.0"/>
    <testcase classname="ags" name="test_version" time="0.0"/>
    <testcase classname="ags" name="test_tde_1_1_init_db" time="0.0"/>
    <testcase classname="ags" name="test_tde_1_1_init_db_0_algo_aes-128_port_5445" time="0.0"/>
    <testcase classname="ags" name="test_tde_1_1_init_db_1_algo_aes-192_port_5446" time="0.0"/>
    <testcase classname="ags" name="test_tde_1_1_init_db_2_algo_aes-256_port_5447" time="0.0"/>
    <testcase classname="ags" name="test_tde_1_1_init_db_3_algo_aria-128_port_5448" time="0.0"/>
    <testcase classname="ags" name="test_tde_1_1_init_db_4_algo_aria-192_port_5449" time="0.0"/>
    <testcase classname="ags" name="test_tde_1_1_init_db_5_algo_aria-256_port_5450" time="0.0"/>
    <testcase classname="ags" name="test_tde_1_2_init_db_with_env_var_set" time="0.0"/>
    <testcase classname="ags" name="test_tde_1_2_init_db_with_env_var_set_0_algo_aes-128_port_5445" time="0.0"/>
    <testcase classname="ags" name="test_tde_1_2_init_db_with_env_var_set_1_algo_aes-192_port_5446" time="0.0"/>
    <testcase classname="ags" name="test_tde_1_2_init_db_with_env_var_set_2_algo_aes-256_port_5447" time="0.0"/>
    <testcase classname="ags" name="test_tde_1_2_init_db_with_env_var_set_3_algo_aria-128_port_5448" time="0.0"/>
    <testcase classname="ags" name="test_tde_1_2_init_db_with_env_var_set_4_algo_aria-192_port_5449" time="0.0"/>
    <testcase classname="ags" name="test_tde_1_2_init_db_with_env_var_set_5_algo_aria-256_port_5450" time="0.0"/>
    <testcase classname="ags" name="test_tde_1_3_init_db_without_key_wrapping" time="0.0"/>
    <testcase classname="ags" name="test_tde_1_4_init_db_with_diff_file_enc_methods" time="0.0"/>
    <testcase classname="ags" name="test_tde_1_4_init_db_with_diff_file_enc_methods_0_file-algo_AES128_port_5445" time="0.0"/>
    <testcase classname="ags" name="test_tde_1_4_init_db_with_diff_file_enc_methods_1_file-algo_AES192_port_5446" time="0.0"/>
    <testcase classname="ags" name="test_tde_1_4_init_db_with_diff_file_enc_methods_2_file-algo_AES256_port_5447" time="0.0"/>
    <testcase classname="ags" name="test_tde_1_4_init_db_with_diff_file_enc_methods_3_file-algo_ARIA128_port_5448" time="0.0"/>
    <testcase classname="ags" name="test_tde_1_4_init_db_with_diff_file_enc_methods_4_file-algo_ARIA192_port_5449" time="0.0"/>
    <testcase classname="ags" name="test_tde_1_4_init_db_with_diff_file_enc_methods_5_file-algo_ARIA256_port_5450" time="0.0"/>
    <testcase classname="ags" name="test_tde_1_5_init_db_check_key_bin_file" time="0.0"/>
    <testcase classname="ags" name="test_tde_1_5_init_db_check_key_bin_file_0_algo_aes-128_port_5445" time="0.0"/>
    <testcase classname="ags" name="test_tde_1_5_init_db_check_key_bin_file_1_algo_aes-192_port_5446" time="0.0"/>
    <testcase classname="ags" name="test_tde_1_5_init_db_check_key_bin_file_2_algo_aes-256_port_5447" time="0.0"/>
    <testcase classname="ags" name="test_tde_1_5_init_db_check_key_bin_file_3_algo_aria-128_port_5448" time="0.0"/>
    <testcase classname="ags" name="test_tde_1_5_init_db_check_key_bin_file_4_algo_aria-192_port_5449" time="0.0"/>
    <testcase classname="ags" name="test_tde_1_5_init_db_check_key_bin_file_5_algo_aria-256_port_5450" time="0.0"/>
    <testcase classname="ags" name="test_tde_1_6_init_db_check_key_bin_file_with_no_key_wrap" time="0.0"/>
    <testcase classname="ags" name="test_tde_2_1_check_data_encryption_is_on" time="0.0"/>
    <testcase classname="ags" name="test_tde_2_1_check_data_encryption_is_on_0_algo_aes-128_port_5445" time="0.0"/>
    <testcase classname="ags" name="test_tde_2_1_check_data_encryption_is_on_1_algo_aes-192_port_5446" time="0.0"/>
    <testcase classname="ags" name="test_tde_2_1_check_data_encryption_is_on_2_algo_aes-256_port_5447" time="0.0"/>
    <testcase classname="ags" name="test_tde_2_1_check_data_encryption_is_on_3_algo_aria-128_port_5448" time="0.0"/>
    <testcase classname="ags" name="test_tde_2_1_check_data_encryption_is_on_4_algo_aria-192_port_5449" time="0.0"/>
    <testcase classname="ags" name="test_tde_2_1_check_data_encryption_is_on_5_algo_aria-256_port_5450" time="0.0"/>
    <testcase classname="ags" name="test_tde_2_2_check_data_encryption_is_on_with_no_key_wrap" time="0.0"/>
    <testcase classname="ags" name="test_tde_3_check_pg_config" time="0.0"/>
    <testcase classname="ags" name="test_tde_3_check_pg_config_0_algo_aes-128_port_5445" time="0.0"/>
    <testcase classname="ags" name="test_tde_3_check_pg_config_1_algo_aes-192_port_5446" time="0.0"/>
    <testcase classname="ags" name="test_tde_3_check_pg_config_2_algo_aes-256_port_5447" time="0.0"/>
    <testcase classname="ags" name="test_tde_3_check_pg_config_3_algo_aria-128_port_5448" time="0.0"/>
    <testcase classname="ags" name="test_tde_3_check_pg_config_4_algo_aria-192_port_5449" time="0.0"/>
    <testcase classname="ags" name="test_tde_3_check_pg_config_5_algo_aria-256_port_5450" time="0.0"/>
    <testcase classname="ags" name="test_tde_4_1_copy_enc_key" time="0.0"/>
    <testcase classname="ags" name="test_tde_4_1_copy_enc_key_0_algo_aes-128_first-port_5445_second-port_5235" time="0.0"/>
    <testcase classname="ags" name="test_tde_4_1_copy_enc_key_1_algo_aes-192_first-port_5446_second-port_5236" time="0.0"/>
    <testcase classname="ags" name="test_tde_4_1_copy_enc_key_2_algo_aes-256_first-port_5447_second-port_5237" time="0.0"/>
    <testcase classname="ags" name="test_tde_4_1_copy_enc_key_3_algo_aria-128_first-port_5448_second-port_5238" time="0.0"/>
    <testcase classname="ags" name="test_tde_4_1_copy_enc_key_4_algo_aria-192_first-port_5449_second-port_5239" time="0.0"/>
    <testcase classname="ags" name="test_tde_4_1_copy_enc_key_5_algo_aria-256_first-port_5450_second-port_5240" time="0.0"/>
    <testcase classname="ags" name="test_tde_4_2_rotate_enc_key" time="0.0"/>
    <testcase classname="ags" name="test_tde_4_2_rotate_enc_key_0_algo_aes-128_port_5445" time="0.0"/>
    <testcase classname="ags" name="test_tde_4_2_rotate_enc_key_1_algo_aes-192_port_5446" time="0.0"/>
    <testcase classname="ags" name="test_tde_4_2_rotate_enc_key_2_algo_aes-256_port_5447" time="0.0"/>
    <testcase classname="ags" name="test_tde_4_2_rotate_enc_key_3_algo_aria-128_port_5448" time="0.0"/>
    <testcase classname="ags" name="test_tde_4_2_rotate_enc_key_4_algo_aria-192_port_5449" time="0.0"/>
    <testcase classname="ags" name="test_tde_4_2_rotate_enc_key_5_algo_aria-256_port_5450" time="0.0"/>
    <testcase classname="ags" name="test_tde_5_1_pg_utility_reset_wal" time="0.0"/>
    <testcase classname="ags" name="test_tde_5_1_pg_utility_reset_wal_0_algo_aes-128_port_5445" time="0.0"/>
    <testcase classname="ags" name="test_tde_5_1_pg_utility_reset_wal_1_algo_aes-192_port_5446" time="0.0"/>
    <testcase classname="ags" name="test_tde_5_1_pg_utility_reset_wal_2_algo_aes-256_port_5447" time="0.0"/>
    <testcase classname="ags" name="test_tde_5_1_pg_utility_reset_wal_3_algo_aria-128_port_5448" time="0.0"/>
    <testcase classname="ags" name="test_tde_5_1_pg_utility_reset_wal_4_algo_aria-192_port_5449" time="0.0"/>
    <testcase classname="ags" name="test_tde_5_1_pg_utility_reset_wal_5_algo_aria-256_port_5450" time="0.0"/>
    <testcase classname="ags" name="test_tde_5_2_pg_utility_reset_wal_with_no_key_wrap" time="0.0"/>
    <testcase classname="ags" name="test_tde_5_3_pg_utility_pg_verify_backup" time="0.0"/>
    <testcase classname="ags" name="test_tde_5_3_pg_utility_pg_verify_backup_0_algo_aes-128_port_5445" time="0.0"/>
    <testcase classname="ags" name="test_tde_5_3_pg_utility_pg_verify_backup_1_algo_aes-192_port_5446" time="0.0"/>
    <testcase classname="ags" name="test_tde_5_3_pg_utility_pg_verify_backup_2_algo_aes-256_port_5447" time="0.0"/>
    <testcase classname="ags" name="test_tde_5_3_pg_utility_pg_verify_backup_3_algo_aria-128_port_5448" time="0.0"/>
    <testcase classname="ags" name="test_tde_5_3_pg_utility_pg_verify_backup_4_algo_aria-192_port_5449" time="0.0"/>
    <testcase classname="ags" name="test_tde_5_3_pg_utility_pg_verify_backup_5_algo_aria-256_port_5450" time="0.0"/>
    <testcase classname="ags" name="test_tde_5_4_pg_utility_pg_verify_backup_with_no_key_wrap" time="0.0"/>
  </testsuite>
</testsuites>
