<?xml version="1.0" ?>
<testsuites errors="0" failures="1" name="ags_testsuite" skipped="0" tests="1" time="0.842">
  <testsuite errors="0" failures="1" name="ags" skipped="0" tests="1" time="0.842" timestamp="2025-09-02T08:17:32.504220">
    <testcase classname="AGSTestBaseServer" name="test_2_2_psql_version" time="0.0">
      <failure message="Traceback (most recent call last):
  File &quot;/workspace/TAF/server/ags/tests/baseServer_test.py&quot;, line 90, in test_2_2_psql_version
    self.psql_version_test()
  File &quot;/workspace/TAF/server/ags/tests/baseServer_test.py&quot;, line 438, in psql_version_test
    self.assertTrue(isTrue, &quot;Version Doesn't Match&quot;)
AssertionError: False is not true : Version Doesn't Match
" type="Failure"/>
      <system-out>[2025-09-02T08:17:32.501079] Command: sudo -u agens &quot;/usr/agens/ags-15/bin/psql&quot; -p 5333 -d agensdb -U agens -c &quot;SELECT version();&quot;
Return Code: 0
STDOUT:
version                                                             
---------------------------------------------------------------------------------------------------------------------------------
 PostgreSQL 15.12 (AgensSQL EE 2.15.3.0) on x86_64-pc-linux-gnu, compiled by gcc (GCC) 8.5.0 20210514 (Red Hat 8.5.0-26), 64-bit
(1 row)
--------------------------------------------------</system-out>
    </testcase>
  </testsuite>
</testsuites>
