<?xml version="1.0" encoding="UTF-8"?>
<testsuite name="TestSuite" tests="3" failures="1" errors="0" skipped="1" time="10.234">
    <testcase name="testLogin" classname="com.example.LoginTest" time="2.1">
    </testcase>
    <testcase name="testSearch" classname="com.example.SearchTest" time="1.5">
        <failure message="Expected result not found" type="AssertionError">
            SearchTest.java:45: Expected 'user1' but got 'user2'
        </failure>
    </testcase>
    <testcase name="testLogout" classname="com.example.LogoutTest" time="0.8">
        <skipped message="Test disabled for this run"/>
    </testcase>
</testsuite>